2018-07-11 20:35:32,359{GMT}	INFO	[jepsen test runner] jepsen.core: Running test:
 {:concurrency 5,
 :db
 #object[jepsen.link$db$reify__321 0x169268a7 "jepsen.link$db$reify__321@169268a7"],
 :name "link",
 :start-time
 #object[org.joda.time.DateTime 0x50f097b5 "2018-07-11T20:35:32.000Z"],
 :net
 #object[jepsen.net$reify__3910 0x303f1234 "jepsen.net$reify__3910@303f1234"],
 :client
 #object[jepsen.client$reify__3766 0x553bc36c "jepsen.client$reify__3766@553bc36c"],
 :barrier
 #object[java.util.concurrent.CyclicBarrier 0x10db6131 "java.util.concurrent.CyclicBarrier@10db6131"],
 :ssh
 {:username "root",
  :password "root",
  :strict-host-key-checking false,
  :private-key-path nil},
 :checker
 #object[jepsen.checker$unbridled_optimism$reify__3589 0x3f183caa "jepsen.checker$unbridled_optimism$reify__3589@3f183caa"],
 :nemesis
 #object[jepsen.nemesis$reify__3993 0x370c1968 "jepsen.nemesis$reify__3993@370c1968"],
 :active-histories #<Atom@795f5d51: #{}>,
 :nodes ["n1" "n2" "n3" "n4" "n5"],
 :test-count 1,
 :generator
 #object[jepsen.generator$reify__2233 0x3c79088e "jepsen.generator$reify__2233@3c79088e"],
 :os
 #object[jepsen.os.debian$reify__311 0x12bbfc54 "jepsen.os.debian$reify__311@12bbfc54"],
 :time-limit 60,
 :model {}}

2018-07-11 20:35:33,093{GMT}	INFO	[jepsen node n1] jepsen.os.debian: n1 setting up debian
2018-07-11 20:35:33,098{GMT}	INFO	[jepsen node n2] jepsen.os.debian: n2 setting up debian
2018-07-11 20:35:33,100{GMT}	INFO	[jepsen node n4] jepsen.os.debian: n4 setting up debian
2018-07-11 20:35:33,102{GMT}	INFO	[jepsen node n3] jepsen.os.debian: n3 setting up debian
2018-07-11 20:35:33,105{GMT}	INFO	[jepsen node n5] jepsen.os.debian: n5 setting up debian
2018-07-11 20:35:34,978{GMT}	INFO	[jepsen node n1] jepsen.link: n1 tearing down link
2018-07-11 20:35:34,978{GMT}	INFO	[jepsen node n5] jepsen.link: n5 tearing down link
2018-07-11 20:35:34,978{GMT}	INFO	[jepsen node n3] jepsen.link: n3 tearing down link
2018-07-11 20:35:34,978{GMT}	INFO	[jepsen node n2] jepsen.link: n2 tearing down link
2018-07-11 20:35:34,978{GMT}	INFO	[jepsen node n4] jepsen.link: n4 tearing down link
2018-07-11 20:35:35,097{GMT}	INFO	[jepsen node n1] jepsen.os.debian: Installing #{libssl-dev rubygems}
2018-07-11 20:35:35,097{GMT}	INFO	[jepsen node n2] jepsen.os.debian: Installing #{libssl-dev rubygems}
2018-07-11 20:35:35,102{GMT}	INFO	[jepsen node n5] jepsen.os.debian: Installing #{libssl-dev rubygems}
2018-07-11 20:35:35,108{GMT}	INFO	[jepsen node n4] jepsen.os.debian: Installing #{libssl-dev rubygems}
2018-07-11 20:35:35,128{GMT}	INFO	[jepsen node n3] jepsen.os.debian: Installing #{libssl-dev rubygems}
2018-07-11 20:35:39,748{GMT}	INFO	[jepsen node n2] jepsen.link: Installing packages (this takes several minutes)
2018-07-11 20:35:40,354{GMT}	INFO	[jepsen node n5] jepsen.link: Installing packages (this takes several minutes)
2018-07-11 20:35:40,375{GMT}	INFO	[jepsen node n1] jepsen.link: Installing packages (this takes several minutes)
2018-07-11 20:35:40,377{GMT}	INFO	[jepsen node n4] jepsen.link: Installing packages (this takes several minutes)
2018-07-11 20:35:40,388{GMT}	INFO	[jepsen node n3] jepsen.link: Installing packages (this takes several minutes)
2018-07-11 20:36:04,850{GMT}	INFO	[jepsen node n2] jepsen.link: n2 Link installed - starting test
2018-07-11 20:36:06,062{GMT}	INFO	[jepsen node n5] jepsen.link: n5 Link installed - starting test
2018-07-11 20:36:06,207{GMT}	INFO	[jepsen node n1] jepsen.link: n1 Link installed - starting test
2018-07-11 20:36:06,340{GMT}	INFO	[jepsen node n1] jepsen.link: n1 tearing down link
2018-07-11 20:36:06,340{GMT}	INFO	[jepsen node n5] jepsen.link: n5 tearing down link
2018-07-11 20:36:06,342{GMT}	INFO	[jepsen node n4] jepsen.link: n4 tearing down link
2018-07-11 20:36:06,343{GMT}	INFO	[jepsen node n3] jepsen.link: n3 tearing down link
2018-07-11 20:36:06,343{GMT}	INFO	[jepsen node n2] jepsen.link: n2 tearing down link
2018-07-11 20:36:06,517{GMT}	WARN	[jepsen node n4] jepsen.control: Encountered error with conn [:control "n4"]; reopening
2018-07-11 20:36:06,737{GMT}	INFO	[jepsen node n3] jepsen.link: n3 Link installed - starting test
