2018-08-17 18:25:19,495{GMT}	INFO	[jepsen test runner] jepsen.core: Running test:
 {:no-teardown true,
 :concurrency 5,
 :db
 #object[jepsen.link$db$reify__373 0x22d9bc14 "jepsen.link$db$reify__373@22d9bc14"],
 :name "link",
 :start-time
 #object[org.joda.time.DateTime 0x286090c "2018-08-17T18:25:19.000Z"],
 :net
 #object[jepsen.net$reify__3910 0x7d979d34 "jepsen.net$reify__3910@7d979d34"],
 :client {:conn nil},
 :barrier
 #object[java.util.concurrent.CyclicBarrier 0x2525a5b8 "java.util.concurrent.CyclicBarrier@2525a5b8"],
 :network-delay-distribution "pareto",
 :ssh
 {:username "root",
  :password "root",
  :strict-host-key-checking false,
  :private-key-path nil},
 :nemesis-duration 30,
 :checker
 #object[jepsen.checker$compose$reify__3577 0x30893e08 "jepsen.checker$compose$reify__3577@30893e08"],
 :nemesis
 #object[jepsen.link$slowing$reify__434 0x6badba10 "jepsen.link$slowing$reify__434@6badba10"],
 :active-histories #<Atom@5befbac1: #{}>,
 :nodes ["n1" "n2" "n3" "n4" "n5"],
 :test-count 1,
 :generator
 #object[jepsen.generator$concat$reify__2328 0x2ee83775 "jepsen.generator$concat$reify__2328@2ee83775"],
 :os
 #object[jepsen.os.debian$reify__363 0x40fa8766 "jepsen.os.debian$reify__363@40fa8766"],
 :time-limit 180,
 :network-delay 0.048,
 :delay 2,
 :topology "connected",
 :model {:value nil}}

2018-08-17 18:25:20,395{GMT}	INFO	[jepsen node n4] jepsen.os.debian: n4 setting up debian
2018-08-17 18:25:20,395{GMT}	INFO	[jepsen node n1] jepsen.os.debian: n1 setting up debian
2018-08-17 18:25:20,395{GMT}	INFO	[jepsen node n5] jepsen.os.debian: n5 setting up debian
2018-08-17 18:25:20,395{GMT}	INFO	[jepsen node n3] jepsen.os.debian: n3 setting up debian
2018-08-17 18:25:20,395{GMT}	INFO	[jepsen node n2] jepsen.os.debian: n2 setting up debian
2018-08-17 18:25:21,416{GMT}	WARN	[jepsen node n4] jepsen.control: Encountered error with conn [:control "n4"]; reopening
2018-08-17 18:25:21,498{GMT}	WARN	[jepsen node n2] jepsen.control: Encountered error with conn [:control "n2"]; reopening
2018-08-17 18:25:23,854{GMT}	INFO	[jepsen node n3] jepsen.os.debian: Installing #{libssl-dev rubygems}
2018-08-17 18:25:23,924{GMT}	INFO	[jepsen node n5] jepsen.os.debian: Installing #{libssl-dev rubygems}
2018-08-17 18:25:23,928{GMT}	INFO	[jepsen node n1] jepsen.os.debian: Installing #{libssl-dev rubygems}
2018-08-17 18:25:23,964{GMT}	INFO	[jepsen node n4] jepsen.os.debian: Installing #{libssl-dev rubygems}
2018-08-17 18:25:23,966{GMT}	INFO	[jepsen node n2] jepsen.os.debian: Installing #{libssl-dev rubygems}
2018-08-17 18:25:29,714{GMT}	INFO	[jepsen node n2] jepsen.link: Installing packages (this takes several minutes)
2018-08-17 18:25:29,890{GMT}	INFO	[jepsen node n5] jepsen.link: Installing packages (this takes several minutes)
2018-08-17 18:25:30,079{GMT}	INFO	[jepsen node n1] jepsen.link: Installing packages (this takes several minutes)
2018-08-17 18:25:30,114{GMT}	INFO	[jepsen node n3] jepsen.link: Installing packages (this takes several minutes)
2018-08-17 18:25:30,217{GMT}	INFO	[jepsen node n4] jepsen.link: Installing packages (this takes several minutes)
2018-08-17 18:26:14,868{GMT}	INFO	[jepsen node n3] jepsen.link: n3 Initial ping times without network delay
2018-08-17 18:26:15,472{GMT}	INFO	[jepsen node n2] jepsen.link: n2 Initial ping times without network delay
2018-08-17 18:26:15,595{GMT}	INFO	[jepsen node n1] jepsen.link: n1 Initial ping times without network delay
2018-08-17 18:26:15,794{GMT}	INFO	[jepsen node n5] jepsen.link: n5 Initial ping times without network delay
2018-08-17 18:26:16,192{GMT}	INFO	[jepsen node n4] jepsen.link: n4 Initial ping times without network delay
2018-08-17 18:26:19,078{GMT}	INFO	[jepsen node n3] jepsen.link: n3 PING n2 (172.18.0.4) 56(84) bytes of data.
64 bytes from jepsen-n2.docker_default (172.18.0.4): icmp_seq=1 ttl=64 time=0.186 ms
64 bytes from jepsen-n2.docker_default (172.18.0.4): icmp_seq=2 ttl=64 time=0.127 ms
64 bytes from jepsen-n2.docker_default (172.18.0.4): icmp_seq=3 ttl=64 time=0.101 ms
64 bytes from jepsen-n2.docker_default (172.18.0.4): icmp_seq=4 ttl=64 time=0.168 ms
64 bytes from jepsen-n2.docker_default (172.18.0.4): icmp_seq=5 ttl=64 time=0.119 ms

--- n2 ping statistics ---
5 packets transmitted, 5 received, 0% packet loss, time 4065ms
rtt min/avg/max/mdev = 0.101/0.140/0.186/0.032 ms
2018-08-17 18:26:19,683{GMT}	INFO	[jepsen node n2] jepsen.link: n2 PING n2 (172.18.0.4) 56(84) bytes of data.
64 bytes from n2 (172.18.0.4): icmp_seq=1 ttl=64 time=0.044 ms
64 bytes from n2 (172.18.0.4): icmp_seq=2 ttl=64 time=0.061 ms
64 bytes from n2 (172.18.0.4): icmp_seq=3 ttl=64 time=0.077 ms
64 bytes from n2 (172.18.0.4): icmp_seq=4 ttl=64 time=0.057 ms
64 bytes from n2 (172.18.0.4): icmp_seq=5 ttl=64 time=0.048 ms

--- n2 ping statistics ---
5 packets transmitted, 5 received, 0% packet loss, time 4097ms
rtt min/avg/max/mdev = 0.044/0.057/0.077/0.013 ms
2018-08-17 18:26:19,810{GMT}	INFO	[jepsen node n1] jepsen.link: n1 PING n2 (172.18.0.4) 56(84) bytes of data.
64 bytes from jepsen-n2.docker_default (172.18.0.4): icmp_seq=1 ttl=64 time=0.095 ms
64 bytes from jepsen-n2.docker_default (172.18.0.4): icmp_seq=2 ttl=64 time=0.111 ms
64 bytes from jepsen-n2.docker_default (172.18.0.4): icmp_seq=3 ttl=64 time=0.141 ms
64 bytes from jepsen-n2.docker_default (172.18.0.4): icmp_seq=4 ttl=64 time=0.299 ms
64 bytes from jepsen-n2.docker_default (172.18.0.4): icmp_seq=5 ttl=64 time=0.164 ms

--- n2 ping statistics ---
5 packets transmitted, 5 received, 0% packet loss, time 4072ms
rtt min/avg/max/mdev = 0.095/0.162/0.299/0.072 ms
2018-08-17 18:26:20,011{GMT}	INFO	[jepsen node n5] jepsen.link: n5 PING n2 (172.18.0.4) 56(84) bytes of data.
64 bytes from jepsen-n2.docker_default (172.18.0.4): icmp_seq=1 ttl=64 time=0.185 ms
64 bytes from jepsen-n2.docker_default (172.18.0.4): icmp_seq=2 ttl=64 time=0.093 ms
64 bytes from jepsen-n2.docker_default (172.18.0.4): icmp_seq=3 ttl=64 time=0.517 ms
64 bytes from jepsen-n2.docker_default (172.18.0.4): icmp_seq=4 ttl=64 time=0.112 ms
64 bytes from jepsen-n2.docker_default (172.18.0.4): icmp_seq=5 ttl=64 time=0.111 ms

--- n2 ping statistics ---
5 packets transmitted, 5 received, 0% packet loss, time 4118ms
rtt min/avg/max/mdev = 0.093/0.203/0.517/0.160 ms
2018-08-17 18:26:20,386{GMT}	INFO	[jepsen node n4] jepsen.link: n4 PING n2 (172.18.0.4) 56(84) bytes of data.
64 bytes from jepsen-n2.docker_default (172.18.0.4): icmp_seq=1 ttl=64 time=0.170 ms
64 bytes from jepsen-n2.docker_default (172.18.0.4): icmp_seq=2 ttl=64 time=0.090 ms
64 bytes from jepsen-n2.docker_default (172.18.0.4): icmp_seq=3 ttl=64 time=0.128 ms
64 bytes from jepsen-n2.docker_default (172.18.0.4): icmp_seq=4 ttl=64 time=0.140 ms
64 bytes from jepsen-n2.docker_default (172.18.0.4): icmp_seq=5 ttl=64 time=0.106 ms

--- n2 ping statistics ---
5 packets transmitted, 5 received, 0% packet loss, time 4127ms
rtt min/avg/max/mdev = 0.090/0.126/0.170/0.031 ms
2018-08-17 18:26:20,388{GMT}	INFO	[jepsen node n4] jepsen.link: n4 Sleeping for 4000 ms
2018-08-17 18:26:20,390{GMT}	INFO	[jepsen node n3] jepsen.link: n3 Sleeping for 3000 ms
2018-08-17 18:26:20,391{GMT}	INFO	[jepsen node n1] jepsen.link: n1 Sleeping for 1000 ms
2018-08-17 18:26:20,391{GMT}	INFO	[jepsen node n5] jepsen.link: n5 Sleeping for 5000 ms
2018-08-17 18:26:20,393{GMT}	INFO	[jepsen node n2] jepsen.link: n2 Sleeping for 2000 ms
2018-08-17 18:26:22,394{GMT}	INFO	[jepsen node n1] jepsen.link: n1 Link installed - starting test
2018-08-17 18:26:24,400{GMT}	INFO	[jepsen node n2] jepsen.link: n2 Link installed - starting test
2018-08-17 18:26:26,393{GMT}	INFO	[jepsen node n3] jepsen.link: n3 Link installed - starting test
2018-08-17 18:26:28,391{GMT}	INFO	[jepsen node n4] jepsen.link: n4 Link installed - starting test
2018-08-17 18:26:30,399{GMT}	INFO	[jepsen node n5] jepsen.link: n5 Link installed - starting test
2018-08-17 18:26:30,542{GMT}	INFO	[jepsen nemesis] jepsen.core: Starting nemesis
2018-08-17 18:26:30,544{GMT}	INFO	[jepsen worker 0] jepsen.core: Starting worker 0
2018-08-17 18:26:30,554{GMT}	INFO	[jepsen worker 1] jepsen.core: Starting worker 1
2018-08-17 18:26:30,563{GMT}	INFO	[jepsen worker 0] jepsen.core: Running worker 0
2018-08-17 18:26:30,565{GMT}	INFO	[jepsen worker 1] jepsen.core: Running worker 1
2018-08-17 18:26:30,561{GMT}	INFO	[jepsen worker 2] jepsen.core: Starting worker 2
2018-08-17 18:26:30,567{GMT}	INFO	[jepsen worker 3] jepsen.core: Starting worker 3
2018-08-17 18:26:30,574{GMT}	INFO	[jepsen worker 4] jepsen.core: Starting worker 4
2018-08-17 18:26:30,618{GMT}	INFO	[jepsen worker 2] jepsen.core: Running worker 2
2018-08-17 18:26:30,637{GMT}	INFO	[jepsen worker 3] jepsen.core: Running worker 3
2018-08-17 18:26:30,650{GMT}	INFO	[jepsen worker 4] jepsen.core: Running worker 4
2018-08-17 18:26:30,893{GMT}	INFO	[jepsen nemesis] jepsen.core: Running nemesis
2018-08-17 18:26:35,903{GMT}	INFO	[jepsen worker 1] jepsen.util: 1	:info	:setup-packet-logging	nil
2018-08-17 18:26:37,523{GMT}	INFO	[jepsen worker 1] jepsen.util: 1	:info	:setup-packet-logging	nil
2018-08-17 18:26:44,554{GMT}	INFO	[jepsen nemesis] jepsen.util: :nemesis	:info	:start	nil
2018-08-17 18:26:44,569{GMT}	INFO	[jepsen node n2] jepsen.link: slowing down network by  48.0  milliseconds
2018-08-17 18:26:44,573{GMT}	INFO	[jepsen node n3] jepsen.link: slowing down network by  48.0  milliseconds
2018-08-17 18:26:44,574{GMT}	INFO	[jepsen node n4] jepsen.link: slowing down network by  48.0  milliseconds
2018-08-17 18:26:44,574{GMT}	INFO	[jepsen node n5] jepsen.link: slowing down network by  48.0  milliseconds
2018-08-17 18:26:44,690{GMT}	INFO	[jepsen node n4] jepsen.link: 
2018-08-17 18:26:44,690{GMT}	INFO	[jepsen node n2] jepsen.link: 
2018-08-17 18:26:44,696{GMT}	INFO	[jepsen node n5] jepsen.link: 
2018-08-17 18:26:44,696{GMT}	INFO	[jepsen node n3] jepsen.link: 
2018-08-17 18:26:44,794{GMT}	INFO	[jepsen node n2] jepsen.link: PING n1 (172.18.0.6) 56(84) bytes of data.
64 bytes from jepsen-n1.docker_default (172.18.0.6): icmp_seq=1 ttl=64 time=56.1 ms

--- n1 ping statistics ---
1 packets transmitted, 1 received, 0% packet loss, time 0ms
rtt min/avg/max/mdev = 56.120/56.120/56.120/0.000 ms
2018-08-17 18:26:44,798{GMT}	INFO	[jepsen node n4] jepsen.link: PING n1 (172.18.0.6) 56(84) bytes of data.
64 bytes from jepsen-n1.docker_default (172.18.0.6): icmp_seq=1 ttl=64 time=0.121 ms

--- n1 ping statistics ---
1 packets transmitted, 1 received, 0% packet loss, time 0ms
rtt min/avg/max/mdev = 0.121/0.121/0.121/0.000 ms
2018-08-17 18:26:44,803{GMT}	INFO	[jepsen node n5] jepsen.link: PING n1 (172.18.0.6) 56(84) bytes of data.
64 bytes from jepsen-n1.docker_default (172.18.0.6): icmp_seq=1 ttl=64 time=0.120 ms

--- n1 ping statistics ---
1 packets transmitted, 1 received, 0% packet loss, time 0ms
rtt min/avg/max/mdev = 0.120/0.120/0.120/0.000 ms
2018-08-17 18:26:44,803{GMT}	INFO	[jepsen node n3] jepsen.link: PING n1 (172.18.0.6) 56(84) bytes of data.
64 bytes from jepsen-n1.docker_default (172.18.0.6): icmp_seq=1 ttl=64 time=0.156 ms

--- n1 ping statistics ---
1 packets transmitted, 1 received, 0% packet loss, time 0ms
rtt min/avg/max/mdev = 0.156/0.156/0.156/0.000 ms
2018-08-17 18:26:44,809{GMT}	INFO	[jepsen nemesis] jepsen.util: :nemesis	:info	:start	nil
2018-08-17 18:26:46,553{GMT}	INFO	[jepsen worker 4] jepsen.util: 4	:invoke	:write	120
2018-08-17 18:26:46,682{GMT}	INFO	[jepsen worker 4] jepsen.util: 4	:ok	:write	120
2018-08-17 18:26:48,520{GMT}	INFO	[jepsen worker 1] jepsen.util: 6	:invoke	:read	nil
2018-08-17 18:26:48,592{GMT}	INFO	[jepsen worker 1] jepsen.util: 6	:ok	:read	120
2018-08-17 18:26:50,521{GMT}	INFO	[jepsen worker 2] jepsen.util: 2	:invoke	:write	200
2018-08-17 18:26:50,540{GMT}	INFO	[jepsen worker 2] jepsen.util: 2	:ok	:write	200
2018-08-17 18:26:52,523{GMT}	INFO	[jepsen worker 3] jepsen.util: 3	:invoke	:write	206
2018-08-17 18:26:52,535{GMT}	INFO	[jepsen worker 3] jepsen.util: 3	:ok	:write	206
2018-08-17 18:26:54,525{GMT}	INFO	[jepsen worker 0] jepsen.util: 0	:invoke	:read	nil
2018-08-17 18:26:54,542{GMT}	INFO	[jepsen worker 0] jepsen.util: 0	:ok	:read	206
2018-08-17 18:26:56,527{GMT}	INFO	[jepsen worker 4] jepsen.util: 4	:invoke	:write	204
2018-08-17 18:26:56,542{GMT}	INFO	[jepsen worker 4] jepsen.util: 4	:ok	:write	204
2018-08-17 18:26:58,527{GMT}	INFO	[jepsen worker 1] jepsen.util: 6	:invoke	:write	21
2018-08-17 18:26:58,566{GMT}	INFO	[jepsen worker 1] jepsen.util: 6	:ok	:write	21
2018-08-17 18:27:00,528{GMT}	INFO	[jepsen worker 2] jepsen.util: 2	:invoke	:read	nil
2018-08-17 18:27:00,545{GMT}	INFO	[jepsen worker 2] jepsen.util: 2	:ok	:read	21
2018-08-17 18:27:02,530{GMT}	INFO	[jepsen worker 3] jepsen.util: 3	:invoke	:write	66
2018-08-17 18:27:02,581{GMT}	INFO	[jepsen worker 3] jepsen.util: 3	:ok	:write	66
2018-08-17 18:27:04,531{GMT}	INFO	[jepsen worker 0] jepsen.util: 0	:invoke	:write	33
2018-08-17 18:27:04,539{GMT}	INFO	[jepsen worker 0] jepsen.util: 0	:ok	:write	33
2018-08-17 18:27:06,533{GMT}	INFO	[jepsen worker 4] jepsen.util: 4	:invoke	:read	nil
2018-08-17 18:27:06,576{GMT}	INFO	[jepsen worker 4] jepsen.util: 4	:ok	:read	33
2018-08-17 18:27:08,535{GMT}	INFO	[jepsen worker 1] jepsen.util: 6	:invoke	:write	78
2018-08-17 18:27:08,566{GMT}	INFO	[jepsen worker 1] jepsen.util: 6	:ok	:write	78
2018-08-17 18:27:10,537{GMT}	INFO	[jepsen worker 2] jepsen.util: 2	:invoke	:write	60
2018-08-17 18:27:10,552{GMT}	INFO	[jepsen worker 2] jepsen.util: 2	:ok	:write	60
2018-08-17 18:27:12,538{GMT}	INFO	[jepsen worker 3] jepsen.util: 3	:invoke	:read	nil
2018-08-17 18:27:12,549{GMT}	INFO	[jepsen worker 3] jepsen.util: 3	:ok	:read	60
2018-08-17 18:27:14,538{GMT}	INFO	[jepsen worker 0] jepsen.util: 0	:invoke	:write	185
2018-08-17 18:27:14,548{GMT}	INFO	[jepsen worker 0] jepsen.util: 0	:ok	:write	185
2018-08-17 18:27:16,540{GMT}	INFO	[jepsen worker 4] jepsen.util: 4	:invoke	:write	206
2018-08-17 18:27:16,552{GMT}	INFO	[jepsen worker 4] jepsen.util: 4	:ok	:write	206
2018-08-17 18:27:18,507{GMT}	INFO	[jepsen worker 1] jepsen.util: 6	:invoke	:read	nil
2018-08-17 18:27:18,586{GMT}	INFO	[jepsen worker 1] jepsen.util: 6	:ok	:read	206
2018-08-17 18:27:20,508{GMT}	INFO	[jepsen worker 2] jepsen.util: 2	:invoke	:write	89
2018-08-17 18:27:20,563{GMT}	INFO	[jepsen worker 2] jepsen.util: 2	:ok	:write	89
2018-08-17 18:27:21,743{GMT}	INFO	[jepsen nemesis] jepsen.util: :nemesis	:info	:stop	nil
2018-08-17 18:27:21,745{GMT}	INFO	[jepsen nemesis] jepsen.link: removing artificial network delay
2018-08-17 18:27:22,083{GMT}	INFO	[jepsen nemesis] jepsen.util: :nemesis	:info	:stop	nil
2018-08-17 18:27:22,509{GMT}	INFO	[jepsen worker 3] jepsen.util: 3	:invoke	:write	84
2018-08-17 18:27:22,522{GMT}	INFO	[jepsen worker 3] jepsen.util: 3	:ok	:write	84
2018-08-17 18:27:24,510{GMT}	INFO	[jepsen worker 0] jepsen.util: 0	:invoke	:read	nil
2018-08-17 18:27:24,522{GMT}	INFO	[jepsen worker 0] jepsen.util: 0	:ok	:read	84
2018-08-17 18:27:26,512{GMT}	INFO	[jepsen worker 4] jepsen.util: 4	:invoke	:write	209
2018-08-17 18:27:26,522{GMT}	INFO	[jepsen worker 4] jepsen.util: 4	:ok	:write	209
2018-08-17 18:27:28,514{GMT}	INFO	[jepsen worker 1] jepsen.util: 6	:invoke	:write	37
2018-08-17 18:27:28,526{GMT}	INFO	[jepsen worker 1] jepsen.util: 6	:ok	:write	37
2018-08-17 18:27:30,514{GMT}	INFO	[jepsen worker 2] jepsen.util: 2	:invoke	:read	nil
2018-08-17 18:27:30,526{GMT}	INFO	[jepsen worker 2] jepsen.util: 2	:ok	:read	37
2018-08-17 18:27:32,515{GMT}	INFO	[jepsen worker 3] jepsen.util: 3	:invoke	:write	96
2018-08-17 18:27:32,526{GMT}	INFO	[jepsen worker 3] jepsen.util: 3	:ok	:write	96
2018-08-17 18:27:34,517{GMT}	INFO	[jepsen worker 0] jepsen.util: 0	:invoke	:write	117
2018-08-17 18:27:34,531{GMT}	INFO	[jepsen worker 0] jepsen.util: 0	:ok	:write	117
2018-08-17 18:27:36,517{GMT}	INFO	[jepsen worker 4] jepsen.util: 4	:invoke	:read	nil
2018-08-17 18:27:36,533{GMT}	INFO	[jepsen worker 4] jepsen.util: 4	:ok	:read	117
2018-08-17 18:27:38,520{GMT}	INFO	[jepsen worker 1] jepsen.util: 6	:invoke	:write	159
2018-08-17 18:27:38,532{GMT}	INFO	[jepsen worker 1] jepsen.util: 6	:ok	:write	159
2018-08-17 18:27:40,521{GMT}	INFO	[jepsen worker 2] jepsen.util: 2	:invoke	:write	42
2018-08-17 18:27:40,531{GMT}	INFO	[jepsen worker 2] jepsen.util: 2	:ok	:write	42
2018-08-17 18:27:42,522{GMT}	INFO	[jepsen worker 3] jepsen.util: 3	:invoke	:read	nil
2018-08-17 18:27:42,536{GMT}	INFO	[jepsen worker 3] jepsen.util: 3	:ok	:read	42
2018-08-17 18:27:44,522{GMT}	INFO	[jepsen worker 0] jepsen.util: 0	:invoke	:write	21
2018-08-17 18:27:44,533{GMT}	INFO	[jepsen worker 0] jepsen.util: 0	:ok	:write	21
2018-08-17 18:27:46,525{GMT}	INFO	[jepsen worker 4] jepsen.util: 4	:invoke	:write	80
2018-08-17 18:27:46,533{GMT}	INFO	[jepsen worker 4] jepsen.util: 4	:ok	:write	80
2018-08-17 18:27:48,492{GMT}	INFO	[jepsen worker 1] jepsen.util: 6	:invoke	:read	nil
2018-08-17 18:27:48,501{GMT}	INFO	[jepsen worker 1] jepsen.util: 6	:ok	:read	80
2018-08-17 18:27:50,493{GMT}	INFO	[jepsen worker 2] jepsen.util: 2	:invoke	:write	175
2018-08-17 18:27:50,502{GMT}	INFO	[jepsen worker 2] jepsen.util: 2	:ok	:write	175
2018-08-17 18:27:52,494{GMT}	INFO	[jepsen worker 3] jepsen.util: 3	:invoke	:write	70
2018-08-17 18:27:52,507{GMT}	INFO	[jepsen worker 3] jepsen.util: 3	:ok	:write	70
2018-08-17 18:27:54,495{GMT}	INFO	[jepsen worker 0] jepsen.util: 0	:invoke	:read	nil
2018-08-17 18:27:54,506{GMT}	INFO	[jepsen worker 0] jepsen.util: 0	:ok	:read	70
2018-08-17 18:27:56,496{GMT}	INFO	[jepsen worker 4] jepsen.util: 4	:invoke	:write	92
2018-08-17 18:27:56,505{GMT}	INFO	[jepsen worker 4] jepsen.util: 4	:ok	:write	92
2018-08-17 18:27:58,500{GMT}	INFO	[jepsen worker 1] jepsen.util: 6	:invoke	:write	71
2018-08-17 18:27:58,509{GMT}	INFO	[jepsen worker 1] jepsen.util: 6	:ok	:write	71
2018-08-17 18:27:59,052{GMT}	INFO	[jepsen nemesis] jepsen.util: :nemesis	:info	:start	nil
2018-08-17 18:27:59,053{GMT}	INFO	[jepsen node n4] jepsen.link: slowing down network by  48.0  milliseconds
2018-08-17 18:27:59,054{GMT}	INFO	[jepsen node n2] jepsen.link: slowing down network by  48.0  milliseconds
2018-08-17 18:27:59,054{GMT}	INFO	[jepsen node n5] jepsen.link: slowing down network by  48.0  milliseconds
2018-08-17 18:27:59,054{GMT}	INFO	[jepsen node n3] jepsen.link: slowing down network by  48.0  milliseconds
2018-08-17 18:27:59,159{GMT}	INFO	[jepsen node n4] jepsen.link: 
2018-08-17 18:27:59,161{GMT}	INFO	[jepsen node n5] jepsen.link: 
2018-08-17 18:27:59,172{GMT}	INFO	[jepsen node n3] jepsen.link: 
2018-08-17 18:27:59,174{GMT}	INFO	[jepsen node n2] jepsen.link: 
2018-08-17 18:27:59,263{GMT}	INFO	[jepsen node n4] jepsen.link: PING n1 (172.18.0.6) 56(84) bytes of data.
64 bytes from jepsen-n1.docker_default (172.18.0.6): icmp_seq=1 ttl=64 time=15.5 ms

--- n1 ping statistics ---
1 packets transmitted, 1 received, 0% packet loss, time 0ms
rtt min/avg/max/mdev = 15.579/15.579/15.579/0.000 ms
2018-08-17 18:27:59,275{GMT}	INFO	[jepsen node n3] jepsen.link: PING n1 (172.18.0.6) 56(84) bytes of data.
64 bytes from jepsen-n1.docker_default (172.18.0.6): icmp_seq=1 ttl=64 time=48.0 ms

--- n1 ping statistics ---
1 packets transmitted, 1 received, 0% packet loss, time 0ms
rtt min/avg/max/mdev = 48.091/48.091/48.091/0.000 ms
2018-08-17 18:27:59,279{GMT}	INFO	[jepsen node n5] jepsen.link: PING n1 (172.18.0.6) 56(84) bytes of data.
64 bytes from jepsen-n1.docker_default (172.18.0.6): icmp_seq=1 ttl=64 time=0.154 ms

--- n1 ping statistics ---
1 packets transmitted, 1 received, 0% packet loss, time 0ms
rtt min/avg/max/mdev = 0.154/0.154/0.154/0.000 ms
2018-08-17 18:27:59,427{GMT}	INFO	[jepsen node n2] jepsen.link: PING n1 (172.18.0.6) 56(84) bytes of data.
64 bytes from jepsen-n1.docker_default (172.18.0.6): icmp_seq=1 ttl=64 time=24.0 ms

--- n1 ping statistics ---
1 packets transmitted, 1 received, 0% packet loss, time 0ms
rtt min/avg/max/mdev = 24.063/24.063/24.063/0.000 ms
2018-08-17 18:27:59,429{GMT}	INFO	[jepsen nemesis] jepsen.util: :nemesis	:info	:start	nil
2018-08-17 18:28:00,501{GMT}	INFO	[jepsen worker 2] jepsen.util: 2	:invoke	:read	nil
2018-08-17 18:28:00,527{GMT}	INFO	[jepsen worker 2] jepsen.util: 2	:ok	:read	71
2018-08-17 18:28:02,501{GMT}	INFO	[jepsen worker 3] jepsen.util: 3	:invoke	:write	108
2018-08-17 18:28:02,508{GMT}	INFO	[jepsen worker 3] jepsen.util: 3	:ok	:write	108
2018-08-17 18:28:04,501{GMT}	INFO	[jepsen worker 0] jepsen.util: 0	:invoke	:write	134
2018-08-17 18:28:04,516{GMT}	INFO	[jepsen worker 0] jepsen.util: 0	:ok	:write	134
2018-08-17 18:28:06,504{GMT}	INFO	[jepsen worker 4] jepsen.util: 4	:invoke	:read	nil
2018-08-17 18:28:06,528{GMT}	INFO	[jepsen worker 4] jepsen.util: 4	:ok	:read	134
2018-08-17 18:28:08,505{GMT}	INFO	[jepsen worker 1] jepsen.util: 6	:invoke	:write	127
2018-08-17 18:28:08,581{GMT}	INFO	[jepsen worker 1] jepsen.util: 6	:ok	:write	127
2018-08-17 18:28:10,507{GMT}	INFO	[jepsen worker 2] jepsen.util: 2	:invoke	:write	76
2018-08-17 18:28:10,541{GMT}	INFO	[jepsen worker 2] jepsen.util: 2	:ok	:write	76
2018-08-17 18:28:12,508{GMT}	INFO	[jepsen worker 3] jepsen.util: 3	:invoke	:read	nil
2018-08-17 18:28:12,529{GMT}	INFO	[jepsen worker 3] jepsen.util: 3	:ok	:read	76
2018-08-17 18:28:14,508{GMT}	INFO	[jepsen worker 0] jepsen.util: 0	:invoke	:write	156
2018-08-17 18:28:14,533{GMT}	INFO	[jepsen worker 0] jepsen.util: 0	:ok	:write	156
2018-08-17 18:28:16,528{GMT}	INFO	[jepsen worker 4] jepsen.util: 4	:invoke	:write	97
2018-08-17 18:28:16,576{GMT}	INFO	[jepsen worker 4] jepsen.util: 4	:ok	:write	97
2018-08-17 18:28:18,494{GMT}	INFO	[jepsen worker 1] jepsen.util: 6	:invoke	:read	nil
2018-08-17 18:28:18,551{GMT}	INFO	[jepsen worker 1] jepsen.util: 6	:ok	:read	97
2018-08-17 18:28:20,495{GMT}	INFO	[jepsen worker 2] jepsen.util: 2	:invoke	:write	44
2018-08-17 18:28:20,574{GMT}	INFO	[jepsen worker 2] jepsen.util: 2	:ok	:write	44
2018-08-17 18:28:22,496{GMT}	INFO	[jepsen worker 3] jepsen.util: 3	:invoke	:write	122
2018-08-17 18:28:22,690{GMT}	INFO	[jepsen worker 3] jepsen.util: 3	:ok	:write	122
2018-08-17 18:28:24,499{GMT}	INFO	[jepsen worker 0] jepsen.util: 0	:invoke	:read	nil
2018-08-17 18:28:24,517{GMT}	INFO	[jepsen worker 0] jepsen.util: 0	:ok	:read	122
2018-08-17 18:28:26,502{GMT}	INFO	[jepsen worker 4] jepsen.util: 4	:invoke	:write	165
2018-08-17 18:28:26,568{GMT}	INFO	[jepsen worker 4] jepsen.util: 4	:ok	:write	165
2018-08-17 18:28:28,506{GMT}	INFO	[jepsen worker 1] jepsen.util: 6	:invoke	:write	77
2018-08-17 18:28:28,587{GMT}	INFO	[jepsen worker 1] jepsen.util: 6	:ok	:write	77
2018-08-17 18:28:30,507{GMT}	INFO	[jepsen worker 2] jepsen.util: 2	:invoke	:read	nil
2018-08-17 18:28:30,545{GMT}	INFO	[jepsen worker 2] jepsen.util: 2	:ok	:read	77
2018-08-17 18:28:32,508{GMT}	INFO	[jepsen worker 3] jepsen.util: 3	:invoke	:write	91
2018-08-17 18:28:32,524{GMT}	INFO	[jepsen worker 3] jepsen.util: 3	:ok	:write	91
2018-08-17 18:28:34,515{GMT}	INFO	[jepsen worker 0] jepsen.util: 0	:invoke	:write	34
2018-08-17 18:28:34,528{GMT}	INFO	[jepsen worker 0] jepsen.util: 0	:ok	:write	34
2018-08-17 18:28:36,398{GMT}	INFO	[jepsen nemesis] jepsen.util: :nemesis	:info	:stop	nil
2018-08-17 18:28:36,401{GMT}	INFO	[jepsen nemesis] jepsen.link: removing artificial network delay
2018-08-17 18:28:36,516{GMT}	INFO	[jepsen worker 4] jepsen.util: 4	:invoke	:read	nil
2018-08-17 18:28:36,527{GMT}	INFO	[jepsen worker 4] jepsen.util: 4	:ok	:read	34
2018-08-17 18:28:36,542{GMT}	INFO	[jepsen nemesis] jepsen.util: :nemesis	:info	:stop	nil
2018-08-17 18:28:38,517{GMT}	INFO	[jepsen worker 1] jepsen.util: 6	:invoke	:write	217
2018-08-17 18:28:38,533{GMT}	INFO	[jepsen worker 1] jepsen.util: 6	:ok	:write	217
2018-08-17 18:28:40,520{GMT}	INFO	[jepsen worker 2] jepsen.util: 2	:invoke	:write	55
2018-08-17 18:28:40,563{GMT}	INFO	[jepsen worker 2] jepsen.util: 2	:ok	:write	55
2018-08-17 18:28:42,524{GMT}	INFO	[jepsen worker 3] jepsen.util: 3	:invoke	:read	nil
2018-08-17 18:28:42,535{GMT}	INFO	[jepsen worker 3] jepsen.util: 3	:ok	:read	55
2018-08-17 18:28:44,525{GMT}	INFO	[jepsen worker 0] jepsen.util: 0	:invoke	:write	71
2018-08-17 18:28:44,539{GMT}	INFO	[jepsen worker 0] jepsen.util: 0	:ok	:write	71
2018-08-17 18:28:46,526{GMT}	INFO	[jepsen worker 4] jepsen.util: 4	:invoke	:write	43
2018-08-17 18:28:46,537{GMT}	INFO	[jepsen worker 4] jepsen.util: 4	:ok	:write	43
2018-08-17 18:28:48,494{GMT}	INFO	[jepsen worker 1] jepsen.util: 6	:invoke	:read	nil
2018-08-17 18:28:48,506{GMT}	INFO	[jepsen worker 1] jepsen.util: 6	:ok	:read	43
2018-08-17 18:28:50,497{GMT}	INFO	[jepsen worker 2] jepsen.util: 2	:invoke	:write	161
2018-08-17 18:28:50,506{GMT}	INFO	[jepsen worker 2] jepsen.util: 2	:ok	:write	161
2018-08-17 18:28:52,499{GMT}	INFO	[jepsen worker 3] jepsen.util: 3	:invoke	:write	198
2018-08-17 18:28:52,508{GMT}	INFO	[jepsen worker 3] jepsen.util: 3	:ok	:write	198
2018-08-17 18:28:54,501{GMT}	INFO	[jepsen worker 0] jepsen.util: 0	:invoke	:read	nil
2018-08-17 18:28:54,514{GMT}	INFO	[jepsen worker 0] jepsen.util: 0	:ok	:read	198
2018-08-17 18:28:56,502{GMT}	INFO	[jepsen worker 4] jepsen.util: 4	:invoke	:write	128
2018-08-17 18:28:56,511{GMT}	INFO	[jepsen worker 4] jepsen.util: 4	:ok	:write	128
2018-08-17 18:28:58,502{GMT}	INFO	[jepsen worker 1] jepsen.util: 6	:invoke	:write	165
2018-08-17 18:28:58,514{GMT}	INFO	[jepsen worker 1] jepsen.util: 6	:ok	:write	165
2018-08-17 18:29:00,503{GMT}	INFO	[jepsen worker 2] jepsen.util: 2	:invoke	:read	nil
2018-08-17 18:29:00,514{GMT}	INFO	[jepsen worker 2] jepsen.util: 2	:ok	:read	165
2018-08-17 18:29:02,504{GMT}	INFO	[jepsen worker 3] jepsen.util: 3	:invoke	:write	162
2018-08-17 18:29:02,516{GMT}	INFO	[jepsen worker 3] jepsen.util: 3	:ok	:write	162
2018-08-17 18:29:04,505{GMT}	INFO	[jepsen worker 0] jepsen.util: 0	:invoke	:write	152
2018-08-17 18:29:04,515{GMT}	INFO	[jepsen worker 0] jepsen.util: 0	:ok	:write	152
2018-08-17 18:29:06,506{GMT}	INFO	[jepsen worker 4] jepsen.util: 4	:invoke	:read	nil
2018-08-17 18:29:06,516{GMT}	INFO	[jepsen worker 4] jepsen.util: 4	:ok	:read	152
2018-08-17 18:29:08,507{GMT}	INFO	[jepsen worker 1] jepsen.util: 6	:invoke	:write	87
2018-08-17 18:29:08,519{GMT}	INFO	[jepsen worker 1] jepsen.util: 6	:ok	:write	87
2018-08-17 18:29:10,508{GMT}	INFO	[jepsen worker 2] jepsen.util: 2	:invoke	:write	65
2018-08-17 18:29:10,523{GMT}	INFO	[jepsen worker 2] jepsen.util: 2	:ok	:write	65
2018-08-17 18:29:12,508{GMT}	INFO	[jepsen worker 3] jepsen.util: 3	:invoke	:read	nil
2018-08-17 18:29:12,522{GMT}	INFO	[jepsen worker 3] jepsen.util: 3	:ok	:read	65
2018-08-17 18:29:13,511{GMT}	INFO	[jepsen nemesis] jepsen.util: :nemesis	:info	:start	nil
2018-08-17 18:29:13,513{GMT}	INFO	[jepsen node n4] jepsen.link: slowing down network by  48.0  milliseconds
2018-08-17 18:29:13,513{GMT}	INFO	[jepsen node n5] jepsen.link: slowing down network by  48.0  milliseconds
2018-08-17 18:29:13,514{GMT}	INFO	[jepsen node n3] jepsen.link: slowing down network by  48.0  milliseconds
2018-08-17 18:29:13,514{GMT}	INFO	[jepsen node n2] jepsen.link: slowing down network by  48.0  milliseconds
2018-08-17 18:29:13,621{GMT}	INFO	[jepsen node n5] jepsen.link: 
2018-08-17 18:29:13,621{GMT}	INFO	[jepsen node n4] jepsen.link: 
2018-08-17 18:29:13,623{GMT}	INFO	[jepsen node n2] jepsen.link: 
2018-08-17 18:29:13,633{GMT}	INFO	[jepsen node n3] jepsen.link: 
2018-08-17 18:29:13,726{GMT}	INFO	[jepsen node n5] jepsen.link: PING n1 (172.18.0.6) 56(84) bytes of data.
64 bytes from jepsen-n1.docker_default (172.18.0.6): icmp_seq=1 ttl=64 time=0.066 ms

--- n1 ping statistics ---
1 packets transmitted, 1 received, 0% packet loss, time 0ms
rtt min/avg/max/mdev = 0.066/0.066/0.066/0.000 ms
2018-08-17 18:29:13,732{GMT}	INFO	[jepsen node n2] jepsen.link: PING n1 (172.18.0.6) 56(84) bytes of data.
64 bytes from jepsen-n1.docker_default (172.18.0.6): icmp_seq=1 ttl=64 time=13.1 ms

--- n1 ping statistics ---
1 packets transmitted, 1 received, 0% packet loss, time 0ms
rtt min/avg/max/mdev = 13.169/13.169/13.169/0.000 ms
2018-08-17 18:29:13,838{GMT}	INFO	[jepsen node n3] jepsen.link: PING n1 (172.18.0.6) 56(84) bytes of data.
64 bytes from jepsen-n1.docker_default (172.18.0.6): icmp_seq=1 ttl=64 time=0.117 ms

--- n1 ping statistics ---
1 packets transmitted, 1 received, 0% packet loss, time 0ms
rtt min/avg/max/mdev = 0.117/0.117/0.117/0.000 ms
2018-08-17 18:29:13,871{GMT}	INFO	[jepsen node n4] jepsen.link: PING n1 (172.18.0.6) 56(84) bytes of data.
64 bytes from jepsen-n1.docker_default (172.18.0.6): icmp_seq=1 ttl=64 time=0.114 ms

--- n1 ping statistics ---
1 packets transmitted, 1 received, 0% packet loss, time 0ms
rtt min/avg/max/mdev = 0.114/0.114/0.114/0.000 ms
2018-08-17 18:29:13,874{GMT}	INFO	[jepsen nemesis] jepsen.util: :nemesis	:info	:start	nil
2018-08-17 18:29:14,509{GMT}	INFO	[jepsen worker 0] jepsen.util: 0	:invoke	:write	182
2018-08-17 18:29:14,519{GMT}	INFO	[jepsen worker 0] jepsen.util: 0	:ok	:write	182
2018-08-17 18:29:16,512{GMT}	INFO	[jepsen worker 4] jepsen.util: 4	:invoke	:write	87
2018-08-17 18:29:16,725{GMT}	INFO	[jepsen worker 4] jepsen.util: 4	:ok	:write	87
2018-08-17 18:29:18,489{GMT}	INFO	[jepsen worker 1] jepsen.util: 6	:invoke	:read	nil
2018-08-17 18:29:18,502{GMT}	INFO	[jepsen worker 1] jepsen.util: 6	:ok	:read	87
2018-08-17 18:29:20,490{GMT}	INFO	[jepsen worker 2] jepsen.util: 2	:invoke	:write	34
2018-08-17 18:29:20,521{GMT}	INFO	[jepsen worker 2] jepsen.util: 2	:ok	:write	34
2018-08-17 18:29:22,492{GMT}	INFO	[jepsen worker 3] jepsen.util: 3	:invoke	:write	112
2018-08-17 18:29:22,694{GMT}	INFO	[jepsen worker 3] jepsen.util: 3	:ok	:write	112
2018-08-17 18:29:24,493{GMT}	INFO	[jepsen worker 0] jepsen.util: 0	:invoke	:read	nil
2018-08-17 18:29:24,506{GMT}	INFO	[jepsen worker 0] jepsen.util: 0	:ok	:read	112
2018-08-17 18:29:26,494{GMT}	INFO	[jepsen worker 4] jepsen.util: 4	:invoke	:write	125
2018-08-17 18:29:26,508{GMT}	INFO	[jepsen worker 4] jepsen.util: 4	:ok	:write	125
2018-08-17 18:29:28,495{GMT}	INFO	[jepsen worker 1] jepsen.util: 6	:invoke	:write	135
2018-08-17 18:29:28,537{GMT}	INFO	[jepsen worker 1] jepsen.util: 6	:ok	:write	135
2018-08-17 18:29:30,496{GMT}	INFO	[jepsen worker 2] jepsen.util: 2	:invoke	:read	nil
2018-08-17 18:29:30,508{GMT}	INFO	[jepsen worker 2] jepsen.util: 2	:ok	:read	135
2018-08-17 18:29:32,496{GMT}	INFO	[jepsen worker 3] jepsen.util: 3	:invoke	:write	37
2018-08-17 18:29:32,625{GMT}	INFO	[jepsen worker 3] jepsen.util: 3	:ok	:write	37
2018-08-17 18:29:50,808{GMT}	INFO	[jepsen nemesis] jepsen.util: :nemesis	:info	:stop	nil
2018-08-17 18:29:50,810{GMT}	INFO	[jepsen nemesis] jepsen.link: removing artificial network delay
2018-08-17 18:29:50,959{GMT}	INFO	[jepsen nemesis] jepsen.util: :nemesis	:info	:stop	nil
2018-08-17 18:29:57,963{GMT}	INFO	[jepsen worker 1] jepsen.util: 6	:info	:log-packet-data	nil
2018-08-17 18:29:58,093{GMT}	INFO	[jepsen worker 1] jepsen.util: 6	:info	:log-packet-data	nil
2018-08-17 18:30:10,104{GMT}	INFO	[jepsen nemesis] jepsen.core: Stopping nemesis
2018-08-17 18:30:10,104{GMT}	INFO	[jepsen worker 2] jepsen.core: Stopping worker 2
2018-08-17 18:30:10,104{GMT}	INFO	[jepsen worker 3] jepsen.core: Stopping worker 3
2018-08-17 18:30:10,105{GMT}	INFO	[jepsen worker 0] jepsen.core: Stopping worker 0
2018-08-17 18:30:10,105{GMT}	INFO	[jepsen worker 4] jepsen.core: Stopping worker 4
2018-08-17 18:30:10,107{GMT}	INFO	[jepsen worker 1] jepsen.core: Stopping worker 1
2018-08-17 18:30:10,250{GMT}	INFO	[jepsen test runner] jepsen.core: Snarfing log files
2018-08-17 18:30:10,278{GMT}	INFO	[jepsen node n4] jepsen.core: downloading /link.log to link.log
2018-08-17 18:30:10,281{GMT}	INFO	[jepsen node n5] jepsen.core: downloading /link.log to link.log
2018-08-17 18:30:10,281{GMT}	INFO	[jepsen node n3] jepsen.core: downloading /link.log to link.log
2018-08-17 18:30:10,282{GMT}	INFO	[jepsen node n2] jepsen.core: downloading /link.log to link.log
2018-08-17 18:30:10,289{GMT}	INFO	[jepsen node n1] jepsen.core: downloading /link.log to link.log
2018-08-17 18:30:11,184{GMT}	INFO	[jepsen node n1] jepsen.core: downloading /iptables.log to iptables.log
2018-08-17 18:30:11,243{GMT}	INFO	[jepsen node n4] jepsen.core: downloading /iptables.log to iptables.log
2018-08-17 18:30:11,252{GMT}	INFO	[jepsen node n5] jepsen.core: downloading /iptables.log to iptables.log
2018-08-17 18:30:11,302{GMT}	INFO	[jepsen node n3] jepsen.core: downloading /iptables.log to iptables.log
2018-08-17 18:30:11,323{GMT}	INFO	[jepsen node n2] jepsen.core: downloading /iptables.log to iptables.log
2018-08-17 18:30:11,361{GMT}	INFO	[jepsen test runner] jepsen.core: Run complete, writing
2018-08-17 18:30:11,665{GMT}	INFO	[jepsen node n3] jepsen.link: n3 NOT tearing down link
2018-08-17 18:30:11,670{GMT}	INFO	[jepsen node n2] jepsen.link: n2 NOT tearing down link
2018-08-17 18:30:11,672{GMT}	INFO	[jepsen node n5] jepsen.link: n5 NOT tearing down link
2018-08-17 18:30:11,672{GMT}	INFO	[jepsen node n4] jepsen.link: n4 NOT tearing down link
2018-08-17 18:30:11,677{GMT}	INFO	[jepsen node n1] jepsen.link: n1 NOT tearing down link
2018-08-17 18:30:11,705{GMT}	INFO	[jepsen test runner] jepsen.core: Analyzing
2018-08-17 18:30:12,639{GMT}	INFO	[jepsen test runner] jepsen.core: Analysis complete
2018-08-17 18:30:12,689{GMT}	INFO	[jepsen results] jepsen.store: Wrote /jepsen/store/link/20180817T182519.000Z/results.edn
2018-08-17 18:30:12,717{GMT}	INFO	[main] jepsen.core: {:perf
 {:latency-graph {:valid? true},
  :rate-graph {:valid? true},
  :valid? true},
 :linear
 {:valid? true,
  :configs
  ({:model {:value 37},
    :last-op
    {:process 3,
     :type :ok,
     :f :write,
     :value 37,
     :index 179,
     :time 182319571600},
    :pending []}),
  :final-paths ()},
 :timeline {:valid? true},
 :valid? true}


Everything looks good! ヽ(‘ー`)ノ
