2018-07-11 20:03:52,026{GMT}	INFO	[jepsen test runner] jepsen.core: Running test:
 {:concurrency 5,
 :db
 #object[jepsen.link$db$reify__321 0x285c6918 "jepsen.link$db$reify__321@285c6918"],
 :name "link",
 :start-time
 #object[org.joda.time.DateTime 0x7add838c "2018-07-11T20:03:51.000Z"],
 :net
 #object[jepsen.net$reify__3910 0x24d61e4 "jepsen.net$reify__3910@24d61e4"],
 :client
 #object[jepsen.client$reify__3766 0x380e1909 "jepsen.client$reify__3766@380e1909"],
 :barrier
 #object[java.util.concurrent.CyclicBarrier 0x6c6017b9 "java.util.concurrent.CyclicBarrier@6c6017b9"],
 :ssh
 {:username "root",
  :password "root",
  :strict-host-key-checking false,
  :private-key-path nil},
 :checker
 #object[jepsen.checker$unbridled_optimism$reify__3589 0x7b66322e "jepsen.checker$unbridled_optimism$reify__3589@7b66322e"],
 :nemesis
 #object[jepsen.nemesis$reify__3993 0x2f0bfe17 "jepsen.nemesis$reify__3993@2f0bfe17"],
 :active-histories #<Atom@34aeacd1: #{}>,
 :nodes ["n1" "n2" "n3" "n4" "n5"],
 :test-count 1,
 :generator
 #object[jepsen.generator$reify__2233 0x4a37191a "jepsen.generator$reify__2233@4a37191a"],
 :os
 #object[jepsen.os.debian$reify__311 0x1491344a "jepsen.os.debian$reify__311@1491344a"],
 :time-limit 60,
 :model {}}

2018-07-11 20:03:52,840{GMT}	INFO	[jepsen node n3] jepsen.os.debian: n3 setting up debian
2018-07-11 20:03:52,841{GMT}	INFO	[jepsen node n4] jepsen.os.debian: n4 setting up debian
2018-07-11 20:03:52,841{GMT}	INFO	[jepsen node n2] jepsen.os.debian: n2 setting up debian
2018-07-11 20:03:52,841{GMT}	INFO	[jepsen node n1] jepsen.os.debian: n1 setting up debian
2018-07-11 20:03:52,841{GMT}	INFO	[jepsen node n5] jepsen.os.debian: n5 setting up debian
2018-07-11 20:03:55,137{GMT}	INFO	[jepsen node n3] jepsen.link: n3 tearing down link
2018-07-11 20:03:55,140{GMT}	INFO	[jepsen node n2] jepsen.link: n2 tearing down link
2018-07-11 20:03:55,143{GMT}	INFO	[jepsen node n5] jepsen.link: n5 tearing down link
2018-07-11 20:03:55,153{GMT}	INFO	[jepsen node n1] jepsen.link: n1 tearing down link
2018-07-11 20:03:55,172{GMT}	INFO	[jepsen node n4] jepsen.link: n4 tearing down link
2018-07-11 20:03:55,254{GMT}	INFO	[jepsen node n3] jepsen.os.debian: Installing #{libssl-dev rubygems}
2018-07-11 20:03:55,256{GMT}	INFO	[jepsen node n2] jepsen.os.debian: Installing #{libssl-dev rubygems}
2018-07-11 20:03:55,256{GMT}	INFO	[jepsen node n5] jepsen.os.debian: Installing #{libssl-dev rubygems}
2018-07-11 20:03:55,311{GMT}	INFO	[jepsen node n4] jepsen.os.debian: Installing #{libssl-dev rubygems}
2018-07-11 20:03:55,315{GMT}	INFO	[jepsen node n1] jepsen.os.debian: Installing #{libssl-dev rubygems}
2018-07-11 20:04:00,101{GMT}	INFO	[jepsen node n2] jepsen.link: Installing packages (this takes several minutes)
2018-07-11 20:04:00,373{GMT}	INFO	[jepsen node n4] jepsen.link: Installing packages (this takes several minutes)
2018-07-11 20:04:00,414{GMT}	INFO	[jepsen node n3] jepsen.link: Installing packages (this takes several minutes)
2018-07-11 20:04:00,514{GMT}	INFO	[jepsen node n5] jepsen.link: Installing packages (this takes several minutes)
2018-07-11 20:04:00,775{GMT}	INFO	[jepsen node n1] jepsen.link: Installing packages (this takes several minutes)
2018-07-11 20:08:55,454{GMT}	INFO	[jepsen node n2] jepsen.link: n2 installing link 0.0.1
2018-07-11 20:09:18,224{GMT}	INFO	[jepsen node n3] jepsen.link: n3 installing link 0.0.1
2018-07-11 20:09:18,222{GMT}	INFO	[jepsen node n5] jepsen.link: n5 installing link 0.0.1
2018-07-11 20:09:30,672{GMT}	INFO	[jepsen node n1] jepsen.link: n1 installing link 0.0.1
2018-07-11 20:09:31,989{GMT}	INFO	[jepsen node n4] jepsen.link: n4 installing link 0.0.1
2018-07-11 20:09:32,338{GMT}	INFO	[jepsen nemesis] jepsen.core: Starting nemesis
2018-07-11 20:09:32,341{GMT}	INFO	[jepsen nemesis] jepsen.core: Running nemesis
2018-07-11 20:09:32,343{GMT}	INFO	[jepsen nemesis] jepsen.core: Stopping nemesis
2018-07-11 20:09:32,344{GMT}	INFO	[jepsen worker 0] jepsen.core: Starting worker 0
2018-07-11 20:09:32,353{GMT}	INFO	[jepsen worker 2] jepsen.core: Starting worker 2
2018-07-11 20:09:32,354{GMT}	INFO	[jepsen worker 1] jepsen.core: Starting worker 1
2018-07-11 20:09:32,358{GMT}	INFO	[jepsen worker 3] jepsen.core: Starting worker 3
2018-07-11 20:09:32,365{GMT}	INFO	[jepsen worker 0] jepsen.core: Running worker 0
2018-07-11 20:09:32,366{GMT}	INFO	[jepsen worker 2] jepsen.core: Running worker 2
2018-07-11 20:09:32,368{GMT}	INFO	[jepsen worker 1] jepsen.core: Running worker 1
2018-07-11 20:09:32,370{GMT}	INFO	[jepsen worker 3] jepsen.core: Running worker 3
2018-07-11 20:09:32,371{GMT}	INFO	[jepsen worker 0] jepsen.core: Stopping worker 0
2018-07-11 20:09:32,372{GMT}	INFO	[jepsen worker 2] jepsen.core: Stopping worker 2
2018-07-11 20:09:32,373{GMT}	INFO	[jepsen worker 1] jepsen.core: Stopping worker 1
2018-07-11 20:09:32,374{GMT}	INFO	[jepsen worker 3] jepsen.core: Stopping worker 3
2018-07-11 20:09:32,388{GMT}	INFO	[jepsen worker 4] jepsen.core: Starting worker 4
2018-07-11 20:09:32,392{GMT}	INFO	[jepsen worker 4] jepsen.core: Running worker 4
2018-07-11 20:09:32,395{GMT}	INFO	[jepsen worker 4] jepsen.core: Stopping worker 4
2018-07-11 20:09:32,496{GMT}	INFO	[jepsen test runner] jepsen.core: Run complete, writing
2018-07-11 20:09:32,764{GMT}	INFO	[jepsen node n2] jepsen.link: n2 tearing down link
2018-07-11 20:09:32,766{GMT}	INFO	[jepsen node n3] jepsen.link: n3 tearing down link
2018-07-11 20:09:32,769{GMT}	INFO	[jepsen node n4] jepsen.link: n4 tearing down link
2018-07-11 20:09:32,771{GMT}	INFO	[jepsen node n5] jepsen.link: n5 tearing down link
2018-07-11 20:09:32,774{GMT}	INFO	[jepsen node n1] jepsen.link: n1 tearing down link
2018-07-11 20:09:32,900{GMT}	INFO	[jepsen test runner] jepsen.core: Analyzing
2018-07-11 20:09:32,915{GMT}	INFO	[jepsen test runner] jepsen.core: Analysis complete
2018-07-11 20:09:32,964{GMT}	INFO	[jepsen results] jepsen.store: Wrote /jepsen/store/link/20180711T200351.000Z/results.edn
2018-07-11 20:09:32,985{GMT}	INFO	[main] jepsen.core: {:valid? true}


Everything looks good! ヽ(‘ー`)ノ
