2018-07-05 10:51:00,348{GMT}	INFO	[jepsen test runner] jepsen.core: Running test:
 {:concurrency 5,
 :db
 #object[jepsen.db$reify__1498 0x7f5538a1 "jepsen.db$reify__1498@7f5538a1"],
 :name "noop",
 :start-time
 #object[org.joda.time.DateTime 0x574a89e2 "2018-07-05T10:51:00.000+01:00"],
 :net
 #object[jepsen.net$reify__3910 0x4fa9ab6 "jepsen.net$reify__3910@4fa9ab6"],
 :client
 #object[jepsen.client$reify__3766 0x74e6094b "jepsen.client$reify__3766@74e6094b"],
 :barrier
 #object[java.util.concurrent.CyclicBarrier 0x5a08efdc "java.util.concurrent.CyclicBarrier@5a08efdc"],
 :ssh
 {:username "root",
  :password "root",
  :strict-host-key-checking false,
  :private-key-path nil},
 :checker
 #object[jepsen.checker$unbridled_optimism$reify__3589 0x3743539f "jepsen.checker$unbridled_optimism$reify__3589@3743539f"],
 :nemesis
 #object[jepsen.nemesis$reify__3993 0x2eeb0f9b "jepsen.nemesis$reify__3993@2eeb0f9b"],
 :active-histories #<Atom@19a64eae: #{}>,
 :nodes ["n1" "n2" "n3" "n4" "n5"],
 :test-count 1,
 :generator
 #object[jepsen.generator$reify__2233 0x31dfc6f5 "jepsen.generator$reify__2233@31dfc6f5"],
 :os
 #object[jepsen.os$reify__1415 0x7e446d92 "jepsen.os$reify__1415@7e446d92"],
 :time-limit 60,
 :model {}}

2018-07-05 10:51:02,636{GMT}	ERROR	[clojure-agent-send-off-pool-0] jepsen.control: Error opening SSH session. Verify username, password, and node hostnames are correct.
SSH configuration is:
 {:dir "/",
 :private-key-path nil,
 :password "root",
 :username "root",
 :port 22,
 :strict-host-key-checking false,
 :host "n1",
 :sudo nil,
 :dummy nil,
 :session nil}

2018-07-05 10:51:02,784{GMT}	ERROR	[clojure-agent-send-off-pool-2] jepsen.control: Error opening SSH session. Verify username, password, and node hostnames are correct.
SSH configuration is:
 {:dir "/",
 :private-key-path nil,
 :password "root",
 :username "root",
 :port 22,
 :strict-host-key-checking false,
 :host "n3",
 :sudo nil,
 :dummy nil,
 :session nil}

2018-07-05 10:51:02,826{GMT}	ERROR	[clojure-agent-send-off-pool-1] jepsen.control: Error opening SSH session. Verify username, password, and node hostnames are correct.
SSH configuration is:
 {:dir "/",
 :private-key-path nil,
 :password "root",
 :username "root",
 :port 22,
 :strict-host-key-checking false,
 :host "n2",
 :sudo nil,
 :dummy nil,
 :session nil}

2018-07-05 10:51:02,870{GMT}	ERROR	[clojure-agent-send-off-pool-3] jepsen.control: Error opening SSH session. Verify username, password, and node hostnames are correct.
SSH configuration is:
 {:dir "/",
 :private-key-path nil,
 :password "root",
 :username "root",
 :port 22,
 :strict-host-key-checking false,
 :host "n4",
 :sudo nil,
 :dummy nil,
 :session nil}

2018-07-05 10:51:02,912{GMT}	ERROR	[clojure-agent-send-off-pool-4] jepsen.control: Error opening SSH session. Verify username, password, and node hostnames are correct.
SSH configuration is:
 {:dir "/",
 :private-key-path nil,
 :password "root",
 :username "root",
 :port 22,
 :strict-host-key-checking false,
 :host "n5",
 :sudo nil,
 :dummy nil,
 :session nil}

