2018-07-11 21:49:01,927{GMT}	INFO	[jepsen test runner] jepsen.core: Running test:
 {:concurrency 5,
 :db
 #object[jepsen.link$db$reify__321 0x78a0ff63 "jepsen.link$db$reify__321@78a0ff63"],
 :name "link",
 :start-time
 #object[org.joda.time.DateTime 0x3662bdff "2018-07-11T21:49:01.000Z"],
 :net
 #object[jepsen.net$reify__3910 0x2149594a "jepsen.net$reify__3910@2149594a"],
 :client
 #object[jepsen.client$reify__3766 0x2d5ef498 "jepsen.client$reify__3766@2d5ef498"],
 :barrier
 #object[java.util.concurrent.CyclicBarrier 0x4730e0f0 "java.util.concurrent.CyclicBarrier@4730e0f0"],
 :ssh
 {:username "root",
  :password "root",
  :strict-host-key-checking false,
  :private-key-path nil},
 :checker
 #object[jepsen.checker$unbridled_optimism$reify__3589 0x63538bb4 "jepsen.checker$unbridled_optimism$reify__3589@63538bb4"],
 :nemesis
 #object[jepsen.nemesis$reify__3993 0x3206174f "jepsen.nemesis$reify__3993@3206174f"],
 :active-histories #<Atom@54067fdc: #{}>,
 :nodes ["n1" "n2" "n3" "n4" "n5"],
 :test-count 1,
 :generator
 #object[jepsen.generator$reify__2233 0x5854a18 "jepsen.generator$reify__2233@5854a18"],
 :os
 #object[jepsen.os.debian$reify__311 0x59b65dce "jepsen.os.debian$reify__311@59b65dce"],
 :time-limit 60,
 :model {}}

2018-07-11 21:49:02,657{GMT}	INFO	[jepsen node n4] jepsen.os.debian: n4 setting up debian
2018-07-11 21:49:02,657{GMT}	INFO	[jepsen node n5] jepsen.os.debian: n5 setting up debian
2018-07-11 21:49:02,662{GMT}	INFO	[jepsen node n2] jepsen.os.debian: n2 setting up debian
2018-07-11 21:49:02,658{GMT}	INFO	[jepsen node n3] jepsen.os.debian: n3 setting up debian
2018-07-11 21:49:02,672{GMT}	INFO	[jepsen node n1] jepsen.os.debian: n1 setting up debian
2018-07-11 21:49:04,741{GMT}	INFO	[jepsen node n5] jepsen.link: n5 tearing down link
2018-07-11 21:49:04,741{GMT}	INFO	[jepsen node n2] jepsen.link: n2 tearing down link
2018-07-11 21:49:04,743{GMT}	INFO	[jepsen node n4] jepsen.link: n4 tearing down link
2018-07-11 21:49:04,743{GMT}	INFO	[jepsen node n1] jepsen.link: n1 tearing down link
2018-07-11 21:49:04,746{GMT}	INFO	[jepsen node n3] jepsen.link: n3 tearing down link
2018-07-11 21:49:04,867{GMT}	INFO	[jepsen node n2] jepsen.os.debian: Installing #{libssl-dev rubygems}
2018-07-11 21:49:04,867{GMT}	INFO	[jepsen node n1] jepsen.os.debian: Installing #{libssl-dev rubygems}
2018-07-11 21:49:04,872{GMT}	INFO	[jepsen node n4] jepsen.os.debian: Installing #{libssl-dev rubygems}
2018-07-11 21:49:04,902{GMT}	INFO	[jepsen node n3] jepsen.os.debian: Installing #{libssl-dev rubygems}
2018-07-11 21:49:04,903{GMT}	INFO	[jepsen node n5] jepsen.os.debian: Installing #{libssl-dev rubygems}
2018-07-11 21:49:10,003{GMT}	INFO	[jepsen node n1] jepsen.link: Installing packages (this takes several minutes)
2018-07-11 21:49:10,185{GMT}	INFO	[jepsen node n5] jepsen.link: Installing packages (this takes several minutes)
2018-07-11 21:49:10,285{GMT}	INFO	[jepsen node n4] jepsen.link: Installing packages (this takes several minutes)
2018-07-11 21:49:10,447{GMT}	INFO	[jepsen node n2] jepsen.link: Installing packages (this takes several minutes)
2018-07-11 21:49:10,617{GMT}	INFO	[jepsen node n3] jepsen.link: Installing packages (this takes several minutes)
2018-07-11 21:49:36,638{GMT}	INFO	[jepsen node n2] jepsen.link: n2 Link installed - starting test
2018-07-11 21:49:37,242{GMT}	INFO	[jepsen node n1] jepsen.link: n1 Link installed - starting test
2018-07-11 21:49:37,543{GMT}	INFO	[jepsen node n5] jepsen.link: n5 Link installed - starting test
2018-07-11 21:49:37,544{GMT}	INFO	[jepsen node n4] jepsen.link: n4 Link installed - starting test
2018-07-11 21:49:38,037{GMT}	INFO	[jepsen node n3] jepsen.link: n3 Link installed - starting test
2018-07-11 21:50:27,938{GMT}	INFO	[jepsen nemesis] jepsen.core: Starting nemesis
2018-07-11 21:50:27,941{GMT}	INFO	[jepsen worker 0] jepsen.core: Starting worker 0
2018-07-11 21:50:27,944{GMT}	INFO	[jepsen worker 1] jepsen.core: Starting worker 1
2018-07-11 21:50:27,946{GMT}	INFO	[jepsen nemesis] jepsen.core: Running nemesis
2018-07-11 21:50:27,947{GMT}	INFO	[jepsen worker 2] jepsen.core: Starting worker 2
2018-07-11 21:50:27,949{GMT}	INFO	[jepsen worker 0] jepsen.core: Running worker 0
2018-07-11 21:50:27,950{GMT}	INFO	[jepsen worker 1] jepsen.core: Running worker 1
2018-07-11 21:50:27,951{GMT}	INFO	[jepsen nemesis] jepsen.core: Stopping nemesis
2018-07-11 21:50:27,953{GMT}	INFO	[jepsen worker 2] jepsen.core: Running worker 2
2018-07-11 21:50:27,952{GMT}	INFO	[jepsen worker 3] jepsen.core: Starting worker 3
2018-07-11 21:50:27,954{GMT}	INFO	[jepsen worker 0] jepsen.core: Stopping worker 0
2018-07-11 21:50:27,956{GMT}	INFO	[jepsen worker 1] jepsen.core: Stopping worker 1
2018-07-11 21:50:27,959{GMT}	INFO	[jepsen worker 2] jepsen.core: Stopping worker 2
2018-07-11 21:50:27,960{GMT}	INFO	[jepsen worker 3] jepsen.core: Running worker 3
2018-07-11 21:50:27,960{GMT}	INFO	[jepsen worker 4] jepsen.core: Starting worker 4
2018-07-11 21:50:27,990{GMT}	INFO	[jepsen worker 4] jepsen.core: Running worker 4
2018-07-11 21:50:27,991{GMT}	INFO	[jepsen worker 3] jepsen.core: Stopping worker 3
2018-07-11 21:50:27,992{GMT}	INFO	[jepsen worker 4] jepsen.core: Stopping worker 4
2018-07-11 21:50:28,008{GMT}	INFO	[jepsen test runner] jepsen.core: Snarfing log files
2018-07-11 21:50:28,023{GMT}	INFO	[jepsen node n1] jepsen.core: downloading /link.log to link.log
2018-07-11 21:50:28,023{GMT}	INFO	[jepsen node n2] jepsen.core: downloading /link.log to link.log
2018-07-11 21:50:28,023{GMT}	INFO	[jepsen node n4] jepsen.core: downloading /link.log to link.log
2018-07-11 21:50:28,024{GMT}	INFO	[jepsen node n3] jepsen.core: downloading /link.log to link.log
2018-07-11 21:50:28,025{GMT}	INFO	[jepsen node n5] jepsen.core: downloading /link.log to link.log
2018-07-11 21:50:28,126{GMT}	INFO	[jepsen test runner] jepsen.core: Run complete, writing
2018-07-11 21:50:28,194{GMT}	INFO	[jepsen node n1] jepsen.link: n1 tearing down link
2018-07-11 21:50:28,194{GMT}	INFO	[jepsen node n2] jepsen.link: n2 tearing down link
2018-07-11 21:50:28,194{GMT}	INFO	[jepsen node n3] jepsen.link: n3 tearing down link
2018-07-11 21:50:28,196{GMT}	INFO	[jepsen node n4] jepsen.link: n4 tearing down link
2018-07-11 21:50:28,196{GMT}	INFO	[jepsen node n5] jepsen.link: n5 tearing down link
2018-07-11 21:50:28,239{GMT}	INFO	[jepsen test runner] jepsen.core: Analyzing
2018-07-11 21:50:28,243{GMT}	INFO	[jepsen test runner] jepsen.core: Analysis complete
2018-07-11 21:50:28,257{GMT}	INFO	[jepsen results] jepsen.store: Wrote /jepsen/store/link/20180711T214901.000Z/results.edn
2018-07-11 21:50:28,276{GMT}	INFO	[main] jepsen.core: {:valid? true}


Everything looks good! ヽ(‘ー`)ノ
