2018-07-11 20:33:12,922{GMT}	INFO	[jepsen test runner] jepsen.core: Running test:
 {:concurrency 5,
 :db
 #object[jepsen.link$db$reify__321 0x169268a7 "jepsen.link$db$reify__321@169268a7"],
 :name "link",
 :start-time
 #object[org.joda.time.DateTime 0x50f097b5 "2018-07-11T20:33:12.000Z"],
 :net
 #object[jepsen.net$reify__3910 0x303f1234 "jepsen.net$reify__3910@303f1234"],
 :client
 #object[jepsen.client$reify__3766 0x553bc36c "jepsen.client$reify__3766@553bc36c"],
 :barrier
 #object[java.util.concurrent.CyclicBarrier 0x10db6131 "java.util.concurrent.CyclicBarrier@10db6131"],
 :ssh
 {:username "root",
  :password "root",
  :strict-host-key-checking false,
  :private-key-path nil},
 :checker
 #object[jepsen.checker$unbridled_optimism$reify__3589 0x3f183caa "jepsen.checker$unbridled_optimism$reify__3589@3f183caa"],
 :nemesis
 #object[jepsen.nemesis$reify__3993 0x370c1968 "jepsen.nemesis$reify__3993@370c1968"],
 :active-histories #<Atom@795f5d51: #{}>,
 :nodes ["n1" "n2" "n3" "n4" "n5"],
 :test-count 1,
 :generator
 #object[jepsen.generator$reify__2233 0x3c79088e "jepsen.generator$reify__2233@3c79088e"],
 :os
 #object[jepsen.os.debian$reify__311 0x12bbfc54 "jepsen.os.debian$reify__311@12bbfc54"],
 :time-limit 60,
 :model {}}

2018-07-11 20:33:14,452{GMT}	INFO	[jepsen node n2] jepsen.os.debian: n2 setting up debian
2018-07-11 20:33:14,455{GMT}	INFO	[jepsen node n3] jepsen.os.debian: n3 setting up debian
2018-07-11 20:33:14,455{GMT}	INFO	[jepsen node n4] jepsen.os.debian: n4 setting up debian
2018-07-11 20:33:14,455{GMT}	INFO	[jepsen node n5] jepsen.os.debian: n5 setting up debian
2018-07-11 20:33:14,455{GMT}	INFO	[jepsen node n1] jepsen.os.debian: n1 setting up debian
2018-07-11 20:33:15,698{GMT}	WARN	[jepsen node n2] jepsen.control: Encountered error with conn [:control "n2"]; reopening
2018-07-11 20:33:17,726{GMT}	INFO	[jepsen node n5] jepsen.link: n5 tearing down link
2018-07-11 20:33:17,728{GMT}	INFO	[jepsen node n1] jepsen.link: n1 tearing down link
2018-07-11 20:33:17,728{GMT}	INFO	[jepsen node n4] jepsen.link: n4 tearing down link
2018-07-11 20:33:17,729{GMT}	INFO	[jepsen node n2] jepsen.link: n2 tearing down link
2018-07-11 20:33:17,739{GMT}	INFO	[jepsen node n3] jepsen.link: n3 tearing down link
2018-07-11 20:33:17,860{GMT}	INFO	[jepsen node n2] jepsen.os.debian: Installing #{libssl-dev rubygems}
2018-07-11 20:33:17,860{GMT}	INFO	[jepsen node n1] jepsen.os.debian: Installing #{libssl-dev rubygems}
2018-07-11 20:33:17,866{GMT}	INFO	[jepsen node n4] jepsen.os.debian: Installing #{libssl-dev rubygems}
2018-07-11 20:33:17,876{GMT}	INFO	[jepsen node n3] jepsen.os.debian: Installing #{libssl-dev rubygems}
2018-07-11 20:33:17,880{GMT}	INFO	[jepsen node n5] jepsen.os.debian: Installing #{libssl-dev rubygems}
2018-07-11 20:33:24,004{GMT}	INFO	[jepsen node n1] jepsen.link: Installing packages (this takes several minutes)
2018-07-11 20:33:24,527{GMT}	INFO	[jepsen node n3] jepsen.link: Installing packages (this takes several minutes)
2018-07-11 20:33:24,612{GMT}	INFO	[jepsen node n2] jepsen.link: Installing packages (this takes several minutes)
2018-07-11 20:33:24,831{GMT}	INFO	[jepsen node n4] jepsen.link: Installing packages (this takes several minutes)
2018-07-11 20:33:24,859{GMT}	INFO	[jepsen node n5] jepsen.link: Installing packages (this takes several minutes)
2018-07-11 20:33:57,541{GMT}	INFO	[jepsen node n4] jepsen.link: n4 Link installed
2018-07-11 20:33:57,932{GMT}	INFO	[jepsen node n1] jepsen.link: n1 Link installed
2018-07-11 20:33:58,068{GMT}	INFO	[jepsen node n1] jepsen.link: n1 tearing down link
2018-07-11 20:33:58,071{GMT}	INFO	[jepsen node n2] jepsen.link: n2 tearing down link
2018-07-11 20:33:58,073{GMT}	INFO	[jepsen node n3] jepsen.link: n3 tearing down link
2018-07-11 20:33:58,074{GMT}	INFO	[jepsen node n4] jepsen.link: n4 tearing down link
2018-07-11 20:33:58,089{GMT}	INFO	[jepsen node n5] jepsen.link: n5 tearing down link
2018-07-11 20:33:58,138{GMT}	WARN	[jepsen node n3] jepsen.control: Encountered error with conn [:control "n3"]; reopening
2018-07-11 20:33:58,333{GMT}	INFO	[jepsen node n5] jepsen.link: n5 Link installed
2018-07-11 20:33:58,338{GMT}	WARN	[jepsen node n5] jepsen.control: Encountered error with conn [:control "n5"]; reopening
2018-07-11 20:33:58,623{GMT}	INFO	[jepsen node n2] jepsen.link: n2 Link installed
