2018-07-11 21:14:31,301{GMT}	INFO	[jepsen test runner] jepsen.core: Running test:
 {:concurrency 5,
 :db
 #object[jepsen.link$db$reify__321 0x78a0ff63 "jepsen.link$db$reify__321@78a0ff63"],
 :name "link",
 :start-time
 #object[org.joda.time.DateTime 0x3662bdff "2018-07-11T21:14:31.000Z"],
 :net
 #object[jepsen.net$reify__3910 0x2149594a "jepsen.net$reify__3910@2149594a"],
 :client
 #object[jepsen.client$reify__3766 0x2d5ef498 "jepsen.client$reify__3766@2d5ef498"],
 :barrier
 #object[java.util.concurrent.CyclicBarrier 0x4730e0f0 "java.util.concurrent.CyclicBarrier@4730e0f0"],
 :ssh
 {:username "root",
  :password "root",
  :strict-host-key-checking false,
  :private-key-path nil},
 :checker
 #object[jepsen.checker$unbridled_optimism$reify__3589 0x63538bb4 "jepsen.checker$unbridled_optimism$reify__3589@63538bb4"],
 :nemesis
 #object[jepsen.nemesis$reify__3993 0x3206174f "jepsen.nemesis$reify__3993@3206174f"],
 :active-histories #<Atom@54067fdc: #{}>,
 :nodes ["n1" "n2" "n3" "n4" "n5"],
 :test-count 1,
 :generator
 #object[jepsen.generator$reify__2233 0x5854a18 "jepsen.generator$reify__2233@5854a18"],
 :os
 #object[jepsen.os.debian$reify__311 0x59b65dce "jepsen.os.debian$reify__311@59b65dce"],
 :time-limit 60,
 :model {}}

2018-07-11 21:14:32,133{GMT}	INFO	[jepsen node n2] jepsen.os.debian: n2 setting up debian
2018-07-11 21:14:32,133{GMT}	INFO	[jepsen node n4] jepsen.os.debian: n4 setting up debian
2018-07-11 21:14:32,133{GMT}	INFO	[jepsen node n3] jepsen.os.debian: n3 setting up debian
2018-07-11 21:14:32,133{GMT}	INFO	[jepsen node n5] jepsen.os.debian: n5 setting up debian
2018-07-11 21:14:32,142{GMT}	INFO	[jepsen node n1] jepsen.os.debian: n1 setting up debian
2018-07-11 21:14:33,218{GMT}	INFO	[jepsen node n1] jepsen.link: n1 tearing down link
2018-07-11 21:14:33,219{GMT}	INFO	[jepsen node n3] jepsen.link: n3 tearing down link
2018-07-11 21:14:33,218{GMT}	INFO	[jepsen node n4] jepsen.link: n4 tearing down link
2018-07-11 21:14:33,219{GMT}	INFO	[jepsen node n2] jepsen.link: n2 tearing down link
2018-07-11 21:14:33,219{GMT}	INFO	[jepsen node n5] jepsen.link: n5 tearing down link
2018-07-11 21:14:33,334{GMT}	INFO	[jepsen node n1] jepsen.os.debian: Installing #{libssl-dev rubygems}
2018-07-11 21:14:33,348{GMT}	INFO	[jepsen node n4] jepsen.os.debian: Installing #{libssl-dev rubygems}
2018-07-11 21:14:33,359{GMT}	INFO	[jepsen node n3] jepsen.os.debian: Installing #{libssl-dev rubygems}
2018-07-11 21:14:33,361{GMT}	INFO	[jepsen node n2] jepsen.os.debian: Installing #{libssl-dev rubygems}
2018-07-11 21:14:33,361{GMT}	INFO	[jepsen node n5] jepsen.os.debian: Installing #{libssl-dev rubygems}
2018-07-11 21:14:38,001{GMT}	INFO	[jepsen node n4] jepsen.link: Installing packages (this takes several minutes)
2018-07-11 21:14:38,490{GMT}	INFO	[jepsen node n1] jepsen.link: Installing packages (this takes several minutes)
2018-07-11 21:14:38,808{GMT}	INFO	[jepsen node n2] jepsen.link: Installing packages (this takes several minutes)
2018-07-11 21:14:39,008{GMT}	INFO	[jepsen node n5] jepsen.link: Installing packages (this takes several minutes)
2018-07-11 21:14:39,210{GMT}	INFO	[jepsen node n3] jepsen.link: Installing packages (this takes several minutes)
2018-07-11 21:15:04,435{GMT}	INFO	[jepsen node n1] jepsen.link: n1 Link installed - starting test
2018-07-11 21:15:05,266{GMT}	INFO	[jepsen node n4] jepsen.link: n4 Link installed - starting test
2018-07-11 21:15:05,350{GMT}	INFO	[jepsen node n2] jepsen.link: n2 Link installed - starting test
2018-07-11 21:15:05,922{GMT}	INFO	[jepsen node n3] jepsen.link: n3 Link installed - starting test
2018-07-11 21:15:06,226{GMT}	INFO	[jepsen node n5] jepsen.link: n5 Link installed - starting test
2018-07-11 21:15:56,269{GMT}	INFO	[jepsen nemesis] jepsen.core: Starting nemesis
2018-07-11 21:15:56,273{GMT}	INFO	[jepsen worker 0] jepsen.core: Starting worker 0
2018-07-11 21:15:56,275{GMT}	INFO	[jepsen worker 1] jepsen.core: Starting worker 1
2018-07-11 21:15:56,280{GMT}	INFO	[jepsen worker 2] jepsen.core: Starting worker 2
2018-07-11 21:15:56,284{GMT}	INFO	[jepsen worker 3] jepsen.core: Starting worker 3
2018-07-11 21:15:56,307{GMT}	INFO	[jepsen nemesis] jepsen.core: Running nemesis
2018-07-11 21:15:56,314{GMT}	INFO	[jepsen worker 4] jepsen.core: Starting worker 4
2018-07-11 21:15:56,316{GMT}	INFO	[jepsen worker 0] jepsen.core: Running worker 0
2018-07-11 21:15:56,330{GMT}	INFO	[jepsen worker 1] jepsen.core: Running worker 1
2018-07-11 21:15:56,337{GMT}	INFO	[jepsen worker 2] jepsen.core: Running worker 2
2018-07-11 21:15:56,352{GMT}	INFO	[jepsen worker 3] jepsen.core: Running worker 3
2018-07-11 21:15:56,367{GMT}	INFO	[jepsen nemesis] jepsen.core: Stopping nemesis
2018-07-11 21:15:56,384{GMT}	INFO	[jepsen worker 4] jepsen.core: Running worker 4
2018-07-11 21:15:56,385{GMT}	INFO	[jepsen worker 0] jepsen.core: Stopping worker 0
2018-07-11 21:15:56,387{GMT}	INFO	[jepsen worker 1] jepsen.core: Stopping worker 1
2018-07-11 21:15:56,387{GMT}	INFO	[jepsen worker 2] jepsen.core: Stopping worker 2
2018-07-11 21:15:56,395{GMT}	INFO	[jepsen worker 3] jepsen.core: Stopping worker 3
2018-07-11 21:15:56,396{GMT}	INFO	[jepsen worker 4] jepsen.core: Stopping worker 4
2018-07-11 21:15:56,435{GMT}	INFO	[jepsen test runner] jepsen.core: Snarfing log files
2018-07-11 21:15:56,456{GMT}	INFO	[jepsen node n1] jepsen.core: downloading /link.log to link.log
2018-07-11 21:15:56,457{GMT}	INFO	[jepsen node n4] jepsen.core: downloading /link.log to link.log
2018-07-11 21:15:56,457{GMT}	INFO	[jepsen node n2] jepsen.core: downloading /link.log to link.log
2018-07-11 21:15:56,461{GMT}	INFO	[jepsen node n5] jepsen.core: downloading /link.log to link.log
2018-07-11 21:15:56,466{GMT}	INFO	[jepsen node n3] jepsen.core: downloading /link.log to link.log
2018-07-11 21:15:56,669{GMT}	INFO	[jepsen test runner] jepsen.core: Run complete, writing
2018-07-11 21:15:56,763{GMT}	INFO	[jepsen node n2] jepsen.link: n2 tearing down link
2018-07-11 21:15:56,764{GMT}	INFO	[jepsen node n3] jepsen.link: n3 tearing down link
2018-07-11 21:15:56,766{GMT}	INFO	[jepsen node n4] jepsen.link: n4 tearing down link
2018-07-11 21:15:56,767{GMT}	INFO	[jepsen node n5] jepsen.link: n5 tearing down link
2018-07-11 21:15:56,769{GMT}	INFO	[jepsen node n1] jepsen.link: n1 tearing down link
2018-07-11 21:15:56,828{GMT}	INFO	[jepsen test runner] jepsen.core: Analyzing
2018-07-11 21:15:56,833{GMT}	INFO	[jepsen test runner] jepsen.core: Analysis complete
2018-07-11 21:15:56,855{GMT}	INFO	[jepsen results] jepsen.store: Wrote /jepsen/store/link/20180711T211431.000Z/results.edn
2018-07-11 21:15:56,896{GMT}	INFO	[main] jepsen.core: {:valid? true}


Everything looks good! ヽ(‘ー`)ノ
