2018-08-17 20:02:50,086{GMT}	INFO	[jepsen test runner] jepsen.core: Running test:
 {:no-teardown true,
 :concurrency 5,
 :db
 #object[jepsen.link$db$reify__373 0x1084f78c "jepsen.link$db$reify__373@1084f78c"],
 :name "link",
 :start-time
 #object[org.joda.time.DateTime 0x3df1a1ac "2018-08-17T20:02:49.000Z"],
 :net
 #object[jepsen.net$reify__3910 0x49cb1baf "jepsen.net$reify__3910@49cb1baf"],
 :client {:conn nil},
 :barrier
 #object[java.util.concurrent.CyclicBarrier 0x1e0fdb2f "java.util.concurrent.CyclicBarrier@1e0fdb2f"],
 :network-delay-distribution "pareto",
 :ssh
 {:username "root",
  :password "root",
  :strict-host-key-checking false,
  :private-key-path nil},
 :nemesis-duration 30,
 :checker
 #object[jepsen.checker$compose$reify__3577 0x4548d254 "jepsen.checker$compose$reify__3577@4548d254"],
 :nemesis
 #object[jepsen.link$slowing$reify__434 0x550de6b8 "jepsen.link$slowing$reify__434@550de6b8"],
 :active-histories #<Atom@1a565afb: #{}>,
 :nodes ["n1" "n2" "n3" "n4" "n5"],
 :test-count 1,
 :generator
 #object[jepsen.generator$concat$reify__2328 0xb5de58f "jepsen.generator$concat$reify__2328@b5de58f"],
 :os
 #object[jepsen.os.debian$reify__363 0x663f237a "jepsen.os.debian$reify__363@663f237a"],
 :time-limit 180,
 :network-delay 0.048,
 :delay 2,
 :topology "line",
 :model {:value nil}}

2018-08-17 20:02:50,896{GMT}	INFO	[jepsen node n2] jepsen.os.debian: n2 setting up debian
2018-08-17 20:02:50,899{GMT}	INFO	[jepsen node n4] jepsen.os.debian: n4 setting up debian
2018-08-17 20:02:50,901{GMT}	INFO	[jepsen node n3] jepsen.os.debian: n3 setting up debian
2018-08-17 20:02:50,905{GMT}	INFO	[jepsen node n5] jepsen.os.debian: n5 setting up debian
2018-08-17 20:02:50,911{GMT}	INFO	[jepsen node n1] jepsen.os.debian: n1 setting up debian
2018-08-17 20:02:51,767{GMT}	WARN	[jepsen node n4] jepsen.control: Encountered error with conn [:control "n4"]; reopening
2018-08-17 20:02:53,761{GMT}	INFO	[jepsen node n1] jepsen.os.debian: Installing #{libssl-dev rubygems}
2018-08-17 20:02:53,799{GMT}	INFO	[jepsen node n2] jepsen.os.debian: Installing #{libssl-dev rubygems}
2018-08-17 20:02:53,802{GMT}	INFO	[jepsen node n4] jepsen.os.debian: Installing #{libssl-dev rubygems}
2018-08-17 20:02:53,832{GMT}	INFO	[jepsen node n5] jepsen.os.debian: Installing #{libssl-dev rubygems}
2018-08-17 20:02:53,850{GMT}	INFO	[jepsen node n3] jepsen.os.debian: Installing #{libssl-dev rubygems}
2018-08-17 20:02:58,503{GMT}	INFO	[jepsen node n1] jepsen.link: Installing packages (this takes several minutes)
2018-08-17 20:02:58,732{GMT}	INFO	[jepsen node n2] jepsen.link: Installing packages (this takes several minutes)
2018-08-17 20:02:58,803{GMT}	INFO	[jepsen node n3] jepsen.link: Installing packages (this takes several minutes)
2018-08-17 20:02:58,880{GMT}	INFO	[jepsen node n5] jepsen.link: Installing packages (this takes several minutes)
2018-08-17 20:02:58,983{GMT}	INFO	[jepsen node n4] jepsen.link: Installing packages (this takes several minutes)
2018-08-17 20:03:21,877{GMT}	INFO	[jepsen node n4] jepsen.link: n4 Initial ping times without network delay
2018-08-17 20:03:22,258{GMT}	INFO	[jepsen node n3] jepsen.link: n3 Initial ping times without network delay
2018-08-17 20:03:22,446{GMT}	INFO	[jepsen node n1] jepsen.link: n1 Initial ping times without network delay
2018-08-17 20:03:22,758{GMT}	INFO	[jepsen node n2] jepsen.link: n2 Initial ping times without network delay
2018-08-17 20:03:23,052{GMT}	INFO	[jepsen node n5] jepsen.link: n5 Initial ping times without network delay
2018-08-17 20:03:26,038{GMT}	INFO	[jepsen node n4] jepsen.link: n4 PING n2 (172.18.0.4) 56(84) bytes of data.
64 bytes from jepsen-n2.docker_default (172.18.0.4): icmp_seq=1 ttl=64 time=0.485 ms
64 bytes from jepsen-n2.docker_default (172.18.0.4): icmp_seq=2 ttl=64 time=0.112 ms
64 bytes from jepsen-n2.docker_default (172.18.0.4): icmp_seq=3 ttl=64 time=0.116 ms
64 bytes from jepsen-n2.docker_default (172.18.0.4): icmp_seq=4 ttl=64 time=0.108 ms
64 bytes from jepsen-n2.docker_default (172.18.0.4): icmp_seq=5 ttl=64 time=0.118 ms

--- n2 ping statistics ---
5 packets transmitted, 5 received, 0% packet loss, time 4089ms
rtt min/avg/max/mdev = 0.108/0.187/0.485/0.149 ms
2018-08-17 20:03:26,490{GMT}	INFO	[jepsen node n3] jepsen.link: n3 PING n2 (172.18.0.4) 56(84) bytes of data.
64 bytes from jepsen-n2.docker_default (172.18.0.4): icmp_seq=1 ttl=64 time=0.428 ms
64 bytes from jepsen-n2.docker_default (172.18.0.4): icmp_seq=2 ttl=64 time=0.172 ms
64 bytes from jepsen-n2.docker_default (172.18.0.4): icmp_seq=3 ttl=64 time=0.123 ms
64 bytes from jepsen-n2.docker_default (172.18.0.4): icmp_seq=4 ttl=64 time=0.106 ms
64 bytes from jepsen-n2.docker_default (172.18.0.4): icmp_seq=5 ttl=64 time=0.094 ms

--- n2 ping statistics ---
5 packets transmitted, 5 received, 0% packet loss, time 4100ms
rtt min/avg/max/mdev = 0.094/0.184/0.428/0.125 ms
2018-08-17 20:03:26,685{GMT}	INFO	[jepsen node n1] jepsen.link: n1 PING n2 (172.18.0.4) 56(84) bytes of data.
64 bytes from jepsen-n2.docker_default (172.18.0.4): icmp_seq=1 ttl=64 time=0.139 ms
64 bytes from jepsen-n2.docker_default (172.18.0.4): icmp_seq=2 ttl=64 time=0.613 ms
64 bytes from jepsen-n2.docker_default (172.18.0.4): icmp_seq=3 ttl=64 time=0.161 ms
64 bytes from jepsen-n2.docker_default (172.18.0.4): icmp_seq=4 ttl=64 time=0.106 ms
64 bytes from jepsen-n2.docker_default (172.18.0.4): icmp_seq=5 ttl=64 time=0.103 ms

--- n2 ping statistics ---
5 packets transmitted, 5 received, 0% packet loss, time 4103ms
rtt min/avg/max/mdev = 0.103/0.224/0.613/0.195 ms
2018-08-17 20:03:26,992{GMT}	INFO	[jepsen node n2] jepsen.link: n2 PING n2 (172.18.0.4) 56(84) bytes of data.
64 bytes from n2 (172.18.0.4): icmp_seq=1 ttl=64 time=0.051 ms
64 bytes from n2 (172.18.0.4): icmp_seq=2 ttl=64 time=0.074 ms
64 bytes from n2 (172.18.0.4): icmp_seq=3 ttl=64 time=0.086 ms
64 bytes from n2 (172.18.0.4): icmp_seq=4 ttl=64 time=0.068 ms
64 bytes from n2 (172.18.0.4): icmp_seq=5 ttl=64 time=0.062 ms

--- n2 ping statistics ---
5 packets transmitted, 5 received, 0% packet loss, time 4129ms
rtt min/avg/max/mdev = 0.051/0.068/0.086/0.012 ms
2018-08-17 20:03:27,292{GMT}	INFO	[jepsen node n5] jepsen.link: n5 PING n2 (172.18.0.4) 56(84) bytes of data.
64 bytes from jepsen-n2.docker_default (172.18.0.4): icmp_seq=1 ttl=64 time=0.100 ms
64 bytes from jepsen-n2.docker_default (172.18.0.4): icmp_seq=2 ttl=64 time=0.144 ms
64 bytes from jepsen-n2.docker_default (172.18.0.4): icmp_seq=3 ttl=64 time=0.117 ms
64 bytes from jepsen-n2.docker_default (172.18.0.4): icmp_seq=4 ttl=64 time=0.160 ms
64 bytes from jepsen-n2.docker_default (172.18.0.4): icmp_seq=5 ttl=64 time=0.110 ms

--- n2 ping statistics ---
5 packets transmitted, 5 received, 0% packet loss, time 4157ms
rtt min/avg/max/mdev = 0.100/0.126/0.160/0.023 ms
2018-08-17 20:03:27,295{GMT}	INFO	[jepsen node n4] jepsen.link: n4 Sleeping for 4000 ms
2018-08-17 20:03:27,295{GMT}	INFO	[jepsen node n3] jepsen.link: n3 Sleeping for 3000 ms
2018-08-17 20:03:27,295{GMT}	INFO	[jepsen node n1] jepsen.link: n1 Sleeping for 1000 ms
2018-08-17 20:03:27,296{GMT}	INFO	[jepsen node n2] jepsen.link: n2 Sleeping for 2000 ms
2018-08-17 20:03:27,297{GMT}	INFO	[jepsen node n5] jepsen.link: n5 Sleeping for 5000 ms
2018-08-17 20:03:29,302{GMT}	INFO	[jepsen node n1] jepsen.link: n1 Link installed - starting test
2018-08-17 20:03:31,304{GMT}	INFO	[jepsen node n2] jepsen.link: n2 Link installed - starting test
2018-08-17 20:03:33,305{GMT}	INFO	[jepsen node n3] jepsen.link: n3 Link installed - starting test
2018-08-17 20:03:35,300{GMT}	INFO	[jepsen node n4] jepsen.link: n4 Link installed - starting test
2018-08-17 20:03:37,304{GMT}	INFO	[jepsen node n5] jepsen.link: n5 Link installed - starting test
2018-08-17 20:03:37,432{GMT}	INFO	[jepsen nemesis] jepsen.core: Starting nemesis
2018-08-17 20:03:37,433{GMT}	INFO	[jepsen worker 0] jepsen.core: Starting worker 0
2018-08-17 20:03:37,435{GMT}	INFO	[jepsen worker 1] jepsen.core: Starting worker 1
2018-08-17 20:03:37,435{GMT}	INFO	[jepsen worker 2] jepsen.core: Starting worker 2
2018-08-17 20:03:37,438{GMT}	INFO	[jepsen worker 3] jepsen.core: Starting worker 3
2018-08-17 20:03:37,444{GMT}	INFO	[jepsen worker 2] jepsen.core: Running worker 2
2018-08-17 20:03:37,444{GMT}	INFO	[jepsen worker 1] jepsen.core: Running worker 1
2018-08-17 20:03:37,444{GMT}	INFO	[jepsen worker 0] jepsen.core: Running worker 0
2018-08-17 20:03:37,473{GMT}	INFO	[jepsen worker 3] jepsen.core: Running worker 3
2018-08-17 20:03:37,476{GMT}	INFO	[jepsen worker 4] jepsen.core: Starting worker 4
2018-08-17 20:03:37,523{GMT}	INFO	[jepsen worker 4] jepsen.core: Running worker 4
2018-08-17 20:03:37,848{GMT}	INFO	[jepsen nemesis] jepsen.core: Running nemesis
2018-08-17 20:03:42,817{GMT}	INFO	[jepsen worker 1] jepsen.util: 1	:info	:setup-packet-logging	nil
2018-08-17 20:03:44,452{GMT}	INFO	[jepsen worker 1] jepsen.util: 1	:info	:setup-packet-logging	nil
2018-08-17 20:03:51,473{GMT}	INFO	[jepsen nemesis] jepsen.util: :nemesis	:info	:start	nil
2018-08-17 20:03:51,486{GMT}	INFO	[jepsen node n2] jepsen.link: slowing down network by  48.0  milliseconds
2018-08-17 20:03:51,487{GMT}	INFO	[jepsen node n3] jepsen.link: slowing down network by  48.0  milliseconds
2018-08-17 20:03:51,487{GMT}	INFO	[jepsen node n5] jepsen.link: slowing down network by  48.0  milliseconds
2018-08-17 20:03:51,488{GMT}	INFO	[jepsen node n4] jepsen.link: slowing down network by  48.0  milliseconds
2018-08-17 20:03:51,596{GMT}	INFO	[jepsen node n2] jepsen.link: 
2018-08-17 20:03:51,633{GMT}	INFO	[jepsen node n3] jepsen.link: 
2018-08-17 20:03:51,634{GMT}	INFO	[jepsen node n5] jepsen.link: 
2018-08-17 20:03:51,649{GMT}	INFO	[jepsen node n4] jepsen.link: 
2018-08-17 20:03:51,752{GMT}	INFO	[jepsen node n4] jepsen.link: PING n1 (172.18.0.6) 56(84) bytes of data.
64 bytes from jepsen-n1.docker_default (172.18.0.6): icmp_seq=1 ttl=64 time=0.100 ms

--- n1 ping statistics ---
1 packets transmitted, 1 received, 0% packet loss, time 0ms
rtt min/avg/max/mdev = 0.100/0.100/0.100/0.000 ms
2018-08-17 20:03:51,812{GMT}	INFO	[jepsen node n2] jepsen.link: PING n1 (172.18.0.6) 56(84) bytes of data.
64 bytes from jepsen-n1.docker_default (172.18.0.6): icmp_seq=1 ttl=64 time=0.086 ms

--- n1 ping statistics ---
1 packets transmitted, 1 received, 0% packet loss, time 0ms
rtt min/avg/max/mdev = 0.086/0.086/0.086/0.000 ms
2018-08-17 20:03:51,838{GMT}	INFO	[jepsen node n5] jepsen.link: PING n1 (172.18.0.6) 56(84) bytes of data.
64 bytes from jepsen-n1.docker_default (172.18.0.6): icmp_seq=1 ttl=64 time=114 ms

--- n1 ping statistics ---
1 packets transmitted, 1 received, 0% packet loss, time 0ms
rtt min/avg/max/mdev = 114.980/114.980/114.980/0.000 ms
2018-08-17 20:03:51,939{GMT}	INFO	[jepsen node n3] jepsen.link: PING n1 (172.18.0.6) 56(84) bytes of data.
64 bytes from jepsen-n1.docker_default (172.18.0.6): icmp_seq=1 ttl=64 time=192 ms

--- n1 ping statistics ---
1 packets transmitted, 1 received, 0% packet loss, time 0ms
rtt min/avg/max/mdev = 192.211/192.211/192.211/0.000 ms
2018-08-17 20:03:52,112{GMT}	INFO	[jepsen nemesis] jepsen.util: :nemesis	:info	:start	[:isolated {"n1" #{"n2"}, "n2" #{"n3"}, "n3" #{"n4"}, "n4" #{"n5"}}]
2018-08-17 20:03:53,472{GMT}	INFO	[jepsen worker 3] jepsen.util: 3	:invoke	:write	120
2018-08-17 20:03:53,485{GMT}	INFO	[jepsen worker 3] jepsen.util: 3	:ok	:write	120
2018-08-17 20:03:55,474{GMT}	INFO	[jepsen worker 1] jepsen.util: 6	:invoke	:read	nil
2018-08-17 20:03:55,500{GMT}	INFO	[jepsen worker 1] jepsen.util: 6	:ok	:read	120
2018-08-17 20:03:57,475{GMT}	INFO	[jepsen worker 4] jepsen.util: 4	:invoke	:write	120
2018-08-17 20:03:57,486{GMT}	INFO	[jepsen worker 4] jepsen.util: 4	:ok	:write	120
2018-08-17 20:03:59,477{GMT}	INFO	[jepsen worker 2] jepsen.util: 2	:invoke	:write	201
2018-08-17 20:03:59,544{GMT}	INFO	[jepsen worker 2] jepsen.util: 2	:ok	:write	201
2018-08-17 20:04:01,478{GMT}	INFO	[jepsen worker 0] jepsen.util: 0	:invoke	:read	nil
2018-08-17 20:04:01,490{GMT}	INFO	[jepsen worker 0] jepsen.util: 0	:ok	:read	201
2018-08-17 20:04:03,479{GMT}	INFO	[jepsen worker 3] jepsen.util: 3	:invoke	:write	162
2018-08-17 20:04:03,491{GMT}	INFO	[jepsen worker 3] jepsen.util: 3	:ok	:write	162
2018-08-17 20:04:05,480{GMT}	INFO	[jepsen worker 1] jepsen.util: 6	:invoke	:write	76
2018-08-17 20:04:05,515{GMT}	INFO	[jepsen worker 1] jepsen.util: 6	:ok	:write	76
2018-08-17 20:04:07,480{GMT}	INFO	[jepsen worker 4] jepsen.util: 4	:invoke	:read	nil
2018-08-17 20:04:07,585{GMT}	INFO	[jepsen worker 4] jepsen.util: 4	:ok	:read	76
2018-08-17 20:04:09,480{GMT}	INFO	[jepsen worker 2] jepsen.util: 2	:invoke	:write	143
2018-08-17 20:04:09,519{GMT}	INFO	[jepsen worker 2] jepsen.util: 2	:ok	:write	143
2018-08-17 20:04:11,481{GMT}	INFO	[jepsen worker 0] jepsen.util: 0	:invoke	:write	93
2018-08-17 20:04:11,494{GMT}	INFO	[jepsen worker 0] jepsen.util: 0	:ok	:write	93
2018-08-17 20:04:13,447{GMT}	INFO	[jepsen worker 3] jepsen.util: 3	:invoke	:read	nil
2018-08-17 20:04:13,471{GMT}	INFO	[jepsen worker 3] jepsen.util: 3	:ok	:read	93
2018-08-17 20:04:15,450{GMT}	INFO	[jepsen worker 1] jepsen.util: 6	:invoke	:write	68
2018-08-17 20:04:15,533{GMT}	INFO	[jepsen worker 1] jepsen.util: 6	:ok	:write	68
2018-08-17 20:04:17,450{GMT}	INFO	[jepsen worker 4] jepsen.util: 4	:invoke	:write	182
2018-08-17 20:04:17,460{GMT}	INFO	[jepsen worker 4] jepsen.util: 4	:ok	:write	182
2018-08-17 20:04:19,452{GMT}	INFO	[jepsen worker 2] jepsen.util: 2	:invoke	:read	nil
2018-08-17 20:04:19,516{GMT}	INFO	[jepsen worker 2] jepsen.util: 2	:ok	:read	182
2018-08-17 20:04:21,454{GMT}	INFO	[jepsen worker 0] jepsen.util: 0	:invoke	:write	74
2018-08-17 20:04:21,469{GMT}	INFO	[jepsen worker 0] jepsen.util: 0	:ok	:write	74
2018-08-17 20:04:23,454{GMT}	INFO	[jepsen worker 3] jepsen.util: 3	:invoke	:write	194
2018-08-17 20:04:23,470{GMT}	INFO	[jepsen worker 3] jepsen.util: 3	:ok	:write	194
2018-08-17 20:04:25,457{GMT}	INFO	[jepsen worker 1] jepsen.util: 6	:invoke	:read	nil
2018-08-17 20:04:25,566{GMT}	INFO	[jepsen worker 1] jepsen.util: 6	:ok	:read	194
2018-08-17 20:04:27,458{GMT}	INFO	[jepsen worker 4] jepsen.util: 4	:invoke	:write	39
2018-08-17 20:04:27,553{GMT}	INFO	[jepsen worker 4] jepsen.util: 4	:ok	:write	39
2018-08-17 20:04:29,084{GMT}	INFO	[jepsen nemesis] jepsen.util: :nemesis	:info	:stop	nil
2018-08-17 20:04:29,087{GMT}	INFO	[jepsen nemesis] jepsen.link: removing artificial network delay
2018-08-17 20:04:29,320{GMT}	WARN	[jepsen node n3] jepsen.control: Encountered error with conn [:control "n3"]; reopening
2018-08-17 20:04:29,459{GMT}	INFO	[jepsen worker 2] jepsen.util: 2	:invoke	:write	81
2018-08-17 20:04:29,519{GMT}	INFO	[jepsen worker 2] jepsen.util: 2	:ok	:write	81
2018-08-17 20:04:31,460{GMT}	INFO	[jepsen worker 0] jepsen.util: 0	:invoke	:read	nil
2018-08-17 20:04:31,472{GMT}	INFO	[jepsen worker 0] jepsen.util: 0	:ok	:read	81
2018-08-17 20:04:31,686{GMT}	INFO	[jepsen nemesis] jepsen.util: :nemesis	:info	:stop	:network-healed
2018-08-17 20:04:33,462{GMT}	INFO	[jepsen worker 3] jepsen.util: 3	:invoke	:write	60
2018-08-17 20:04:33,473{GMT}	INFO	[jepsen worker 3] jepsen.util: 3	:ok	:write	60
2018-08-17 20:04:35,462{GMT}	INFO	[jepsen worker 1] jepsen.util: 6	:invoke	:write	140
2018-08-17 20:04:35,475{GMT}	INFO	[jepsen worker 1] jepsen.util: 6	:ok	:write	140
2018-08-17 20:04:37,462{GMT}	INFO	[jepsen worker 4] jepsen.util: 4	:invoke	:read	nil
2018-08-17 20:04:37,475{GMT}	INFO	[jepsen worker 4] jepsen.util: 4	:ok	:read	140
2018-08-17 20:04:39,463{GMT}	INFO	[jepsen worker 2] jepsen.util: 2	:invoke	:write	187
2018-08-17 20:04:39,473{GMT}	INFO	[jepsen worker 2] jepsen.util: 2	:ok	:write	187
2018-08-17 20:04:41,465{GMT}	INFO	[jepsen worker 0] jepsen.util: 0	:invoke	:write	106
2018-08-17 20:04:41,475{GMT}	INFO	[jepsen worker 0] jepsen.util: 0	:ok	:write	106
2018-08-17 20:04:43,431{GMT}	INFO	[jepsen worker 3] jepsen.util: 3	:invoke	:read	nil
2018-08-17 20:04:43,442{GMT}	INFO	[jepsen worker 3] jepsen.util: 3	:ok	:read	106
2018-08-17 20:04:45,432{GMT}	INFO	[jepsen worker 1] jepsen.util: 6	:invoke	:write	148
2018-08-17 20:04:45,443{GMT}	INFO	[jepsen worker 1] jepsen.util: 6	:ok	:write	148
2018-08-17 20:04:47,435{GMT}	INFO	[jepsen worker 4] jepsen.util: 4	:invoke	:write	186
2018-08-17 20:04:47,448{GMT}	INFO	[jepsen worker 4] jepsen.util: 4	:ok	:write	186
2018-08-17 20:04:49,436{GMT}	INFO	[jepsen worker 2] jepsen.util: 2	:invoke	:read	nil
2018-08-17 20:04:49,445{GMT}	INFO	[jepsen worker 2] jepsen.util: 2	:ok	:read	186
2018-08-17 20:04:51,438{GMT}	INFO	[jepsen worker 0] jepsen.util: 0	:invoke	:write	96
2018-08-17 20:04:51,452{GMT}	INFO	[jepsen worker 0] jepsen.util: 0	:ok	:write	96
2018-08-17 20:04:53,442{GMT}	INFO	[jepsen worker 3] jepsen.util: 3	:invoke	:write	46
2018-08-17 20:04:53,453{GMT}	INFO	[jepsen worker 3] jepsen.util: 3	:ok	:write	46
2018-08-17 20:04:55,445{GMT}	INFO	[jepsen worker 1] jepsen.util: 6	:invoke	:read	nil
2018-08-17 20:04:55,456{GMT}	INFO	[jepsen worker 1] jepsen.util: 6	:ok	:read	46
2018-08-17 20:04:57,445{GMT}	INFO	[jepsen worker 4] jepsen.util: 4	:invoke	:write	117
2018-08-17 20:04:57,459{GMT}	INFO	[jepsen worker 4] jepsen.util: 4	:ok	:write	117
2018-08-17 20:04:59,446{GMT}	INFO	[jepsen worker 2] jepsen.util: 2	:invoke	:write	186
2018-08-17 20:04:59,455{GMT}	INFO	[jepsen worker 2] jepsen.util: 2	:ok	:write	186
2018-08-17 20:05:01,446{GMT}	INFO	[jepsen worker 0] jepsen.util: 0	:invoke	:read	nil
2018-08-17 20:05:01,459{GMT}	INFO	[jepsen worker 0] jepsen.util: 0	:ok	:read	186
2018-08-17 20:05:03,448{GMT}	INFO	[jepsen worker 3] jepsen.util: 3	:invoke	:write	148
2018-08-17 20:05:03,460{GMT}	INFO	[jepsen worker 3] jepsen.util: 3	:ok	:write	148
2018-08-17 20:05:05,449{GMT}	INFO	[jepsen worker 1] jepsen.util: 6	:invoke	:write	109
2018-08-17 20:05:05,458{GMT}	INFO	[jepsen worker 1] jepsen.util: 6	:ok	:write	109
2018-08-17 20:05:07,450{GMT}	INFO	[jepsen worker 4] jepsen.util: 4	:invoke	:read	nil
2018-08-17 20:05:07,464{GMT}	INFO	[jepsen worker 4] jepsen.util: 4	:ok	:read	109
2018-08-17 20:05:08,655{GMT}	INFO	[jepsen nemesis] jepsen.util: :nemesis	:info	:start	nil
2018-08-17 20:05:08,657{GMT}	INFO	[jepsen node n2] jepsen.link: slowing down network by  48.0  milliseconds
2018-08-17 20:05:08,657{GMT}	INFO	[jepsen node n5] jepsen.link: slowing down network by  48.0  milliseconds
2018-08-17 20:05:08,658{GMT}	INFO	[jepsen node n4] jepsen.link: slowing down network by  48.0  milliseconds
2018-08-17 20:05:08,659{GMT}	INFO	[jepsen node n3] jepsen.link: slowing down network by  48.0  milliseconds
2018-08-17 20:05:08,741{GMT}	WARN	[jepsen node n3] jepsen.control: Encountered error with conn [:control "n3"]; reopening
2018-08-17 20:05:08,762{GMT}	INFO	[jepsen node n2] jepsen.link: 
2018-08-17 20:05:08,773{GMT}	INFO	[jepsen node n5] jepsen.link: 
2018-08-17 20:05:08,785{GMT}	INFO	[jepsen node n4] jepsen.link: 
2018-08-17 20:05:08,868{GMT}	INFO	[jepsen node n2] jepsen.link: PING n1 (172.18.0.6) 56(84) bytes of data.
64 bytes from jepsen-n1.docker_default (172.18.0.6): icmp_seq=1 ttl=64 time=0.136 ms

--- n1 ping statistics ---
1 packets transmitted, 1 received, 0% packet loss, time 0ms
rtt min/avg/max/mdev = 0.136/0.136/0.136/0.000 ms
2018-08-17 20:05:08,903{GMT}	INFO	[jepsen node n5] jepsen.link: PING n1 (172.18.0.6) 56(84) bytes of data.
64 bytes from jepsen-n1.docker_default (172.18.0.6): icmp_seq=1 ttl=64 time=0.106 ms

--- n1 ping statistics ---
1 packets transmitted, 1 received, 0% packet loss, time 0ms
rtt min/avg/max/mdev = 0.106/0.106/0.106/0.000 ms
2018-08-17 20:05:09,004{GMT}	INFO	[jepsen node n4] jepsen.link: PING n1 (172.18.0.6) 56(84) bytes of data.
64 bytes from jepsen-n1.docker_default (172.18.0.6): icmp_seq=1 ttl=64 time=0.085 ms

--- n1 ping statistics ---
1 packets transmitted, 1 received, 0% packet loss, time 0ms
rtt min/avg/max/mdev = 0.085/0.085/0.085/0.000 ms
2018-08-17 20:05:09,451{GMT}	INFO	[jepsen worker 2] jepsen.util: 2	:invoke	:write	92
2018-08-17 20:05:09,463{GMT}	INFO	[jepsen worker 2] jepsen.util: 2	:ok	:write	92
2018-08-17 20:05:10,334{GMT}	INFO	[jepsen node n3] jepsen.link: 
2018-08-17 20:05:10,438{GMT}	INFO	[jepsen node n3] jepsen.link: PING n1 (172.18.0.6) 56(84) bytes of data.
64 bytes from jepsen-n1.docker_default (172.18.0.6): icmp_seq=1 ttl=64 time=36.9 ms

--- n1 ping statistics ---
1 packets transmitted, 1 received, 0% packet loss, time 0ms
rtt min/avg/max/mdev = 36.937/36.937/36.937/0.000 ms
2018-08-17 20:05:10,687{GMT}	INFO	[jepsen nemesis] jepsen.util: :nemesis	:info	:start	[:isolated {"n1" #{"n2"}, "n2" #{"n3"}, "n3" #{"n4"}, "n4" #{"n5"}}]
2018-08-17 20:05:11,452{GMT}	INFO	[jepsen worker 0] jepsen.util: 0	:invoke	:write	121
2018-08-17 20:05:11,467{GMT}	INFO	[jepsen worker 0] jepsen.util: 0	:ok	:write	121
2018-08-17 20:05:13,419{GMT}	INFO	[jepsen worker 3] jepsen.util: 3	:invoke	:read	nil
2018-08-17 20:05:13,436{GMT}	INFO	[jepsen worker 3] jepsen.util: 3	:ok	:read	121
2018-08-17 20:05:15,420{GMT}	INFO	[jepsen worker 1] jepsen.util: 6	:invoke	:write	90
2018-08-17 20:05:15,446{GMT}	INFO	[jepsen worker 1] jepsen.util: 6	:ok	:write	90
2018-08-17 20:05:17,421{GMT}	INFO	[jepsen worker 4] jepsen.util: 4	:invoke	:write	145
2018-08-17 20:05:17,432{GMT}	INFO	[jepsen worker 4] jepsen.util: 4	:ok	:write	145
2018-08-17 20:05:19,422{GMT}	INFO	[jepsen worker 2] jepsen.util: 2	:invoke	:read	nil
2018-08-17 20:05:19,457{GMT}	INFO	[jepsen worker 2] jepsen.util: 2	:ok	:read	145
2018-08-17 20:05:21,424{GMT}	INFO	[jepsen worker 0] jepsen.util: 0	:invoke	:write	143
2018-08-17 20:05:21,436{GMT}	INFO	[jepsen worker 0] jepsen.util: 0	:ok	:write	143
2018-08-17 20:05:23,424{GMT}	INFO	[jepsen worker 3] jepsen.util: 3	:invoke	:write	149
2018-08-17 20:05:23,432{GMT}	INFO	[jepsen worker 3] jepsen.util: 3	:ok	:write	149
2018-08-17 20:05:25,425{GMT}	INFO	[jepsen worker 1] jepsen.util: 6	:invoke	:read	nil
2018-08-17 20:05:25,453{GMT}	INFO	[jepsen worker 1] jepsen.util: 6	:ok	:read	149
2018-08-17 20:05:27,426{GMT}	INFO	[jepsen worker 4] jepsen.util: 4	:invoke	:write	114
2018-08-17 20:05:27,628{GMT}	INFO	[jepsen worker 4] jepsen.util: 4	:ok	:write	114
2018-08-17 20:05:29,426{GMT}	INFO	[jepsen worker 2] jepsen.util: 2	:invoke	:write	211
2018-08-17 20:05:29,454{GMT}	INFO	[jepsen worker 2] jepsen.util: 2	:ok	:write	211
2018-08-17 20:05:31,427{GMT}	INFO	[jepsen worker 0] jepsen.util: 0	:invoke	:read	nil
2018-08-17 20:05:31,437{GMT}	INFO	[jepsen worker 0] jepsen.util: 0	:ok	:read	211
2018-08-17 20:05:33,428{GMT}	INFO	[jepsen worker 3] jepsen.util: 3	:invoke	:write	36
2018-08-17 20:05:33,436{GMT}	INFO	[jepsen worker 3] jepsen.util: 3	:ok	:write	36
2018-08-17 20:05:35,428{GMT}	INFO	[jepsen worker 1] jepsen.util: 6	:invoke	:write	148
2018-08-17 20:05:35,444{GMT}	INFO	[jepsen worker 1] jepsen.util: 6	:ok	:write	148
2018-08-17 20:05:37,428{GMT}	INFO	[jepsen worker 4] jepsen.util: 4	:invoke	:read	nil
2018-08-17 20:05:37,505{GMT}	INFO	[jepsen worker 4] jepsen.util: 4	:ok	:read	148
2018-08-17 20:05:39,430{GMT}	INFO	[jepsen worker 2] jepsen.util: 2	:invoke	:write	217
2018-08-17 20:05:39,456{GMT}	INFO	[jepsen worker 2] jepsen.util: 2	:ok	:write	217
2018-08-17 20:05:41,431{GMT}	INFO	[jepsen worker 0] jepsen.util: 0	:invoke	:write	159
2018-08-17 20:05:41,444{GMT}	INFO	[jepsen worker 0] jepsen.util: 0	:ok	:write	159
2018-08-17 20:05:43,398{GMT}	INFO	[jepsen worker 3] jepsen.util: 3	:invoke	:read	nil
2018-08-17 20:05:43,455{GMT}	INFO	[jepsen worker 3] jepsen.util: 3	:ok	:read	159
2018-08-17 20:05:45,400{GMT}	INFO	[jepsen worker 1] jepsen.util: 6	:invoke	:write	115
2018-08-17 20:05:45,410{GMT}	INFO	[jepsen worker 1] jepsen.util: 6	:ok	:write	115
2018-08-17 20:05:47,401{GMT}	INFO	[jepsen worker 4] jepsen.util: 4	:invoke	:write	66
2018-08-17 20:05:47,420{GMT}	INFO	[jepsen worker 4] jepsen.util: 4	:ok	:write	66
2018-08-17 20:05:47,623{GMT}	INFO	[jepsen nemesis] jepsen.util: :nemesis	:info	:stop	nil
2018-08-17 20:05:47,630{GMT}	INFO	[jepsen nemesis] jepsen.link: removing artificial network delay
2018-08-17 20:05:48,030{GMT}	WARN	[jepsen node n5] jepsen.control: Encountered error with conn [:control "n5"]; reopening
2018-08-17 20:05:49,404{GMT}	INFO	[jepsen worker 2] jepsen.util: 2	:invoke	:read	nil
2018-08-17 20:05:49,412{GMT}	INFO	[jepsen worker 2] jepsen.util: 2	:ok	:read	66
2018-08-17 20:05:49,592{GMT}	INFO	[jepsen nemesis] jepsen.util: :nemesis	:info	:stop	:network-healed
2018-08-17 20:05:51,405{GMT}	INFO	[jepsen worker 0] jepsen.util: 0	:invoke	:write	21
2018-08-17 20:05:51,414{GMT}	INFO	[jepsen worker 0] jepsen.util: 0	:ok	:write	21
2018-08-17 20:05:53,407{GMT}	INFO	[jepsen worker 3] jepsen.util: 3	:invoke	:write	43
2018-08-17 20:05:53,419{GMT}	INFO	[jepsen worker 3] jepsen.util: 3	:ok	:write	43
2018-08-17 20:05:55,409{GMT}	INFO	[jepsen worker 1] jepsen.util: 6	:invoke	:read	nil
2018-08-17 20:05:55,420{GMT}	INFO	[jepsen worker 1] jepsen.util: 6	:ok	:read	43
2018-08-17 20:05:57,410{GMT}	INFO	[jepsen worker 4] jepsen.util: 4	:invoke	:write	112
2018-08-17 20:05:57,419{GMT}	INFO	[jepsen worker 4] jepsen.util: 4	:ok	:write	112
2018-08-17 20:05:59,412{GMT}	INFO	[jepsen worker 2] jepsen.util: 2	:invoke	:write	146
2018-08-17 20:05:59,421{GMT}	INFO	[jepsen worker 2] jepsen.util: 2	:ok	:write	146
2018-08-17 20:06:01,414{GMT}	INFO	[jepsen worker 0] jepsen.util: 0	:invoke	:read	nil
2018-08-17 20:06:01,420{GMT}	INFO	[jepsen worker 0] jepsen.util: 0	:ok	:read	146
2018-08-17 20:06:03,414{GMT}	INFO	[jepsen worker 3] jepsen.util: 3	:invoke	:write	73
2018-08-17 20:06:03,422{GMT}	INFO	[jepsen worker 3] jepsen.util: 3	:ok	:write	73
2018-08-17 20:06:05,416{GMT}	INFO	[jepsen worker 1] jepsen.util: 6	:invoke	:write	93
2018-08-17 20:06:05,423{GMT}	INFO	[jepsen worker 1] jepsen.util: 6	:ok	:write	93
2018-08-17 20:06:07,417{GMT}	INFO	[jepsen worker 4] jepsen.util: 4	:invoke	:read	nil
2018-08-17 20:06:07,426{GMT}	INFO	[jepsen worker 4] jepsen.util: 4	:ok	:read	93
2018-08-17 20:06:09,417{GMT}	INFO	[jepsen worker 2] jepsen.util: 2	:invoke	:write	178
2018-08-17 20:06:09,426{GMT}	INFO	[jepsen worker 2] jepsen.util: 2	:ok	:write	178
2018-08-17 20:06:11,418{GMT}	INFO	[jepsen worker 0] jepsen.util: 0	:invoke	:write	171
2018-08-17 20:06:11,425{GMT}	INFO	[jepsen worker 0] jepsen.util: 0	:ok	:write	171
2018-08-17 20:06:13,383{GMT}	INFO	[jepsen worker 3] jepsen.util: 3	:invoke	:read	nil
2018-08-17 20:06:13,395{GMT}	INFO	[jepsen worker 3] jepsen.util: 3	:ok	:read	171
2018-08-17 20:06:15,384{GMT}	INFO	[jepsen worker 1] jepsen.util: 6	:invoke	:write	85
2018-08-17 20:06:15,393{GMT}	INFO	[jepsen worker 1] jepsen.util: 6	:ok	:write	85
2018-08-17 20:06:17,385{GMT}	INFO	[jepsen worker 4] jepsen.util: 4	:invoke	:write	150
2018-08-17 20:06:17,395{GMT}	INFO	[jepsen worker 4] jepsen.util: 4	:ok	:write	150
2018-08-17 20:06:19,386{GMT}	INFO	[jepsen worker 2] jepsen.util: 2	:invoke	:read	nil
2018-08-17 20:06:19,393{GMT}	INFO	[jepsen worker 2] jepsen.util: 2	:ok	:read	150
2018-08-17 20:06:21,388{GMT}	INFO	[jepsen worker 0] jepsen.util: 0	:invoke	:write	73
2018-08-17 20:06:21,395{GMT}	INFO	[jepsen worker 0] jepsen.util: 0	:ok	:write	73
2018-08-17 20:06:23,390{GMT}	INFO	[jepsen worker 3] jepsen.util: 3	:invoke	:write	138
2018-08-17 20:06:23,398{GMT}	INFO	[jepsen worker 3] jepsen.util: 3	:ok	:write	138
2018-08-17 20:06:25,392{GMT}	INFO	[jepsen worker 1] jepsen.util: 6	:invoke	:read	nil
2018-08-17 20:06:25,405{GMT}	INFO	[jepsen worker 1] jepsen.util: 6	:ok	:read	138
2018-08-17 20:06:26,560{GMT}	INFO	[jepsen nemesis] jepsen.util: :nemesis	:info	:start	nil
2018-08-17 20:06:26,564{GMT}	INFO	[jepsen node n4] jepsen.link: slowing down network by  48.0  milliseconds
2018-08-17 20:06:26,564{GMT}	INFO	[jepsen node n5] jepsen.link: slowing down network by  48.0  milliseconds
2018-08-17 20:06:26,565{GMT}	INFO	[jepsen node n2] jepsen.link: slowing down network by  48.0  milliseconds
2018-08-17 20:06:26,565{GMT}	INFO	[jepsen node n3] jepsen.link: slowing down network by  48.0  milliseconds
2018-08-17 20:06:26,678{GMT}	INFO	[jepsen node n5] jepsen.link: 
2018-08-17 20:06:26,688{GMT}	INFO	[jepsen node n2] jepsen.link: 
2018-08-17 20:06:26,690{GMT}	INFO	[jepsen node n3] jepsen.link: 
2018-08-17 20:06:26,774{GMT}	INFO	[jepsen node n4] jepsen.link: 
2018-08-17 20:06:26,780{GMT}	INFO	[jepsen node n5] jepsen.link: PING n1 (172.18.0.6) 56(84) bytes of data.
64 bytes from jepsen-n1.docker_default (172.18.0.6): icmp_seq=1 ttl=64 time=0.125 ms

--- n1 ping statistics ---
1 packets transmitted, 1 received, 0% packet loss, time 0ms
rtt min/avg/max/mdev = 0.125/0.125/0.125/0.000 ms
2018-08-17 20:06:26,792{GMT}	INFO	[jepsen node n2] jepsen.link: PING n1 (172.18.0.6) 56(84) bytes of data.
64 bytes from jepsen-n1.docker_default (172.18.0.6): icmp_seq=1 ttl=64 time=29.1 ms

--- n1 ping statistics ---
1 packets transmitted, 1 received, 0% packet loss, time 0ms
rtt min/avg/max/mdev = 29.120/29.120/29.120/0.000 ms
2018-08-17 20:06:26,796{GMT}	INFO	[jepsen node n3] jepsen.link: PING n1 (172.18.0.6) 56(84) bytes of data.
64 bytes from jepsen-n1.docker_default (172.18.0.6): icmp_seq=1 ttl=64 time=0.102 ms

--- n1 ping statistics ---
1 packets transmitted, 1 received, 0% packet loss, time 0ms
rtt min/avg/max/mdev = 0.102/0.102/0.102/0.000 ms
2018-08-17 20:06:26,877{GMT}	INFO	[jepsen node n4] jepsen.link: PING n1 (172.18.0.6) 56(84) bytes of data.
64 bytes from jepsen-n1.docker_default (172.18.0.6): icmp_seq=1 ttl=64 time=12.3 ms

--- n1 ping statistics ---
1 packets transmitted, 1 received, 0% packet loss, time 0ms
rtt min/avg/max/mdev = 12.300/12.300/12.300/0.000 ms
2018-08-17 20:06:27,041{GMT}	INFO	[jepsen nemesis] jepsen.util: :nemesis	:info	:start	[:isolated {"n1" #{"n2"}, "n2" #{"n3"}, "n3" #{"n4"}, "n4" #{"n5"}}]
2018-08-17 20:06:27,393{GMT}	INFO	[jepsen worker 4] jepsen.util: 4	:invoke	:write	28
2018-08-17 20:06:27,401{GMT}	INFO	[jepsen worker 4] jepsen.util: 4	:ok	:write	28
2018-08-17 20:06:29,394{GMT}	INFO	[jepsen worker 2] jepsen.util: 2	:invoke	:write	156
2018-08-17 20:06:29,428{GMT}	INFO	[jepsen worker 2] jepsen.util: 2	:ok	:write	156
2018-08-17 20:06:31,397{GMT}	INFO	[jepsen worker 0] jepsen.util: 0	:invoke	:read	nil
2018-08-17 20:06:31,407{GMT}	INFO	[jepsen worker 0] jepsen.util: 0	:ok	:read	156
2018-08-17 20:06:33,399{GMT}	INFO	[jepsen worker 3] jepsen.util: 3	:invoke	:write	105
2018-08-17 20:06:33,452{GMT}	INFO	[jepsen worker 3] jepsen.util: 3	:ok	:write	105
2018-08-17 20:06:35,400{GMT}	INFO	[jepsen worker 1] jepsen.util: 6	:invoke	:write	186
2018-08-17 20:06:35,415{GMT}	INFO	[jepsen worker 1] jepsen.util: 6	:ok	:write	186
2018-08-17 20:06:37,401{GMT}	INFO	[jepsen worker 4] jepsen.util: 4	:invoke	:read	nil
2018-08-17 20:06:37,569{GMT}	INFO	[jepsen worker 4] jepsen.util: 4	:ok	:read	186
2018-08-17 20:06:39,401{GMT}	INFO	[jepsen worker 2] jepsen.util: 2	:invoke	:write	39
2018-08-17 20:06:39,410{GMT}	INFO	[jepsen worker 2] jepsen.util: 2	:ok	:write	39
2018-08-17 20:07:04,011{GMT}	INFO	[jepsen nemesis] jepsen.util: :nemesis	:info	:stop	nil
2018-08-17 20:07:04,015{GMT}	INFO	[jepsen nemesis] jepsen.link: removing artificial network delay
2018-08-17 20:07:04,383{GMT}	INFO	[jepsen nemesis] jepsen.util: :nemesis	:info	:stop	:network-healed
2018-08-17 20:07:11,386{GMT}	INFO	[jepsen worker 1] jepsen.util: 6	:info	:log-packet-data	nil
2018-08-17 20:07:11,545{GMT}	INFO	[jepsen worker 1] jepsen.util: 6	:info	:log-packet-data	nil
2018-08-17 20:07:23,519{GMT}	INFO	[jepsen worker 1] jepsen.core: Stopping worker 1
2018-08-17 20:07:23,519{GMT}	INFO	[jepsen nemesis] jepsen.core: Stopping nemesis
2018-08-17 20:07:23,519{GMT}	INFO	[jepsen worker 3] jepsen.core: Stopping worker 3
2018-08-17 20:07:23,520{GMT}	INFO	[jepsen worker 2] jepsen.core: Stopping worker 2
2018-08-17 20:07:23,521{GMT}	INFO	[jepsen worker 0] jepsen.core: Stopping worker 0
2018-08-17 20:07:23,522{GMT}	INFO	[jepsen worker 4] jepsen.core: Stopping worker 4
2018-08-17 20:07:23,935{GMT}	INFO	[jepsen test runner] jepsen.core: Snarfing log files
2018-08-17 20:07:23,950{GMT}	INFO	[jepsen node n1] jepsen.core: downloading /link.log to link.log
2018-08-17 20:07:23,953{GMT}	INFO	[jepsen node n5] jepsen.core: downloading /link.log to link.log
2018-08-17 20:07:23,954{GMT}	INFO	[jepsen node n4] jepsen.core: downloading /link.log to link.log
2018-08-17 20:07:23,956{GMT}	INFO	[jepsen node n2] jepsen.core: downloading /link.log to link.log
2018-08-17 20:07:23,957{GMT}	INFO	[jepsen node n3] jepsen.core: downloading /link.log to link.log
2018-08-17 20:07:24,962{GMT}	INFO	[jepsen node n3] jepsen.core: downloading /iptables.log to iptables.log
2018-08-17 20:07:24,976{GMT}	INFO	[jepsen node n2] jepsen.core: downloading /iptables.log to iptables.log
2018-08-17 20:07:25,002{GMT}	INFO	[jepsen node n1] jepsen.core: downloading /iptables.log to iptables.log
2018-08-17 20:07:25,064{GMT}	INFO	[jepsen node n4] jepsen.core: downloading /iptables.log to iptables.log
2018-08-17 20:07:25,088{GMT}	INFO	[jepsen node n5] jepsen.core: downloading /iptables.log to iptables.log
2018-08-17 20:07:25,142{GMT}	INFO	[jepsen test runner] jepsen.core: Run complete, writing
2018-08-17 20:07:25,457{GMT}	INFO	[jepsen node n2] jepsen.link: n2 NOT tearing down link
2018-08-17 20:07:25,483{GMT}	INFO	[jepsen node n3] jepsen.link: n3 NOT tearing down link
2018-08-17 20:07:25,491{GMT}	INFO	[jepsen node n5] jepsen.link: n5 NOT tearing down link
2018-08-17 20:07:25,494{GMT}	INFO	[jepsen node n1] jepsen.link: n1 NOT tearing down link
2018-08-17 20:07:25,494{GMT}	INFO	[jepsen node n4] jepsen.link: n4 NOT tearing down link
2018-08-17 20:07:25,536{GMT}	INFO	[jepsen test runner] jepsen.core: Analyzing
2018-08-17 20:07:26,949{GMT}	INFO	[jepsen test runner] jepsen.core: Analysis complete
2018-08-17 20:07:26,993{GMT}	INFO	[jepsen results] jepsen.store: Wrote /jepsen/store/link/20180817T200249.000Z/results.edn
2018-08-17 20:07:27,018{GMT}	INFO	[main] jepsen.core: {:perf
 {:latency-graph {:valid? true},
  :rate-graph {:valid? true},
  :valid? true},
 :linear
 {:valid? true,
  :configs
  ({:model {:value 39},
    :last-op
    {:process 2,
     :type :ok,
     :f :write,
     :value 39,
     :index 179,
     :time 182201635200},
    :pending []}),
  :final-paths ()},
 :timeline {:valid? true},
 :valid? true}


Everything looks good! ヽ(‘ー`)ノ
