2018-07-05 14:35:51,730{GMT}	INFO	[jepsen test runner] jepsen.core: Running test:
 {:concurrency 5,
 :db
 #object[jepsen.db$reify__1498 0x7f5538a1 "jepsen.db$reify__1498@7f5538a1"],
 :name "noop",
 :start-time
 #object[org.joda.time.DateTime 0x574a89e2 "2018-07-05T14:35:51.000Z"],
 :net
 #object[jepsen.net$reify__3910 0x4fa9ab6 "jepsen.net$reify__3910@4fa9ab6"],
 :client
 #object[jepsen.client$reify__3766 0x74e6094b "jepsen.client$reify__3766@74e6094b"],
 :barrier
 #object[java.util.concurrent.CyclicBarrier 0x5a08efdc "java.util.concurrent.CyclicBarrier@5a08efdc"],
 :ssh
 {:username "root",
  :password "root",
  :strict-host-key-checking false,
  :private-key-path nil},
 :checker
 #object[jepsen.checker$unbridled_optimism$reify__3589 0x3743539f "jepsen.checker$unbridled_optimism$reify__3589@3743539f"],
 :nemesis
 #object[jepsen.nemesis$reify__3993 0x2eeb0f9b "jepsen.nemesis$reify__3993@2eeb0f9b"],
 :active-histories #<Atom@19a64eae: #{}>,
 :nodes ["n1" "n2" "n3" "n4" "n5"],
 :test-count 1,
 :generator
 #object[jepsen.generator$reify__2233 0x31dfc6f5 "jepsen.generator$reify__2233@31dfc6f5"],
 :os
 #object[jepsen.os$reify__1415 0x7e446d92 "jepsen.os$reify__1415@7e446d92"],
 :time-limit 60,
 :model {}}

2018-07-05 14:35:53,188{GMT}	INFO	[jepsen nemesis] jepsen.core: Starting nemesis
2018-07-05 14:35:53,192{GMT}	INFO	[jepsen worker 0] jepsen.core: Starting worker 0
2018-07-05 14:35:53,249{GMT}	INFO	[jepsen worker 1] jepsen.core: Starting worker 1
2018-07-05 14:35:53,252{GMT}	INFO	[jepsen worker 2] jepsen.core: Starting worker 2
2018-07-05 14:35:53,252{GMT}	INFO	[jepsen worker 3] jepsen.core: Starting worker 3
2018-07-05 14:35:53,252{GMT}	INFO	[jepsen worker 4] jepsen.core: Starting worker 4
2018-07-05 14:35:53,256{GMT}	INFO	[jepsen nemesis] jepsen.core: Running nemesis
2018-07-05 14:35:53,259{GMT}	INFO	[jepsen worker 0] jepsen.core: Running worker 0
2018-07-05 14:35:53,263{GMT}	INFO	[jepsen worker 1] jepsen.core: Running worker 1
2018-07-05 14:35:53,270{GMT}	INFO	[jepsen worker 2] jepsen.core: Running worker 2
2018-07-05 14:35:53,277{GMT}	INFO	[jepsen worker 4] jepsen.core: Running worker 4
2018-07-05 14:35:53,274{GMT}	INFO	[jepsen worker 3] jepsen.core: Running worker 3
2018-07-05 14:35:53,279{GMT}	INFO	[jepsen nemesis] jepsen.core: Stopping nemesis
2018-07-05 14:35:53,280{GMT}	INFO	[jepsen worker 0] jepsen.core: Stopping worker 0
2018-07-05 14:35:53,282{GMT}	INFO	[jepsen worker 1] jepsen.core: Stopping worker 1
2018-07-05 14:35:53,284{GMT}	INFO	[jepsen worker 2] jepsen.core: Stopping worker 2
2018-07-05 14:35:53,285{GMT}	INFO	[jepsen worker 4] jepsen.core: Stopping worker 4
2018-07-05 14:35:53,288{GMT}	INFO	[jepsen worker 3] jepsen.core: Stopping worker 3
2018-07-05 14:35:53,319{GMT}	INFO	[jepsen test runner] jepsen.core: Run complete, writing
2018-07-05 14:35:53,444{GMT}	INFO	[jepsen test runner] jepsen.core: Analyzing
2018-07-05 14:35:53,448{GMT}	INFO	[jepsen test runner] jepsen.core: Analysis complete
2018-07-05 14:35:53,466{GMT}	INFO	[jepsen results] jepsen.store: Wrote /jepsen/store/noop/20180705T143551.000Z/results.edn
2018-07-05 14:35:53,495{GMT}	INFO	[main] jepsen.core: {:valid? true}


Everything looks good! ヽ(‘ー`)ノ
