2018-07-11 18:59:09,991{GMT}	INFO	[jepsen test runner] jepsen.core: Running test:
 {:concurrency 5,
 :db
 #object[jepsen.link$db$reify__321 0x7e7f3cfd "jepsen.link$db$reify__321@7e7f3cfd"],
 :name "link",
 :start-time
 #object[org.joda.time.DateTime 0x606f81b5 "2018-07-11T18:59:09.000Z"],
 :net
 #object[jepsen.net$reify__3910 0x79b2852b "jepsen.net$reify__3910@79b2852b"],
 :client
 #object[jepsen.client$reify__3766 0x661d88a "jepsen.client$reify__3766@661d88a"],
 :barrier
 #object[java.util.concurrent.CyclicBarrier 0x7add838c "java.util.concurrent.CyclicBarrier@7add838c"],
 :ssh
 {:username "root",
  :password "root",
  :strict-host-key-checking false,
  :private-key-path nil},
 :checker
 #object[jepsen.checker$unbridled_optimism$reify__3589 0x10db6131 "jepsen.checker$unbridled_optimism$reify__3589@10db6131"],
 :nemesis
 #object[jepsen.nemesis$reify__3993 0x76464795 "jepsen.nemesis$reify__3993@76464795"],
 :active-histories #<Atom@43a09ce2: #{}>,
 :nodes ["n1" "n2" "n3" "n4" "n5"],
 :test-count 1,
 :generator
 #object[jepsen.generator$reify__2233 0x42fb8c87 "jepsen.generator$reify__2233@42fb8c87"],
 :os
 #object[jepsen.os.debian$reify__311 0x43e065f2 "jepsen.os.debian$reify__311@43e065f2"],
 :time-limit 60,
 :model {}}

2018-07-11 18:59:10,718{GMT}	INFO	[jepsen node n4] jepsen.os.debian: n4 setting up debian
2018-07-11 18:59:10,718{GMT}	INFO	[jepsen node n2] jepsen.os.debian: n2 setting up debian
2018-07-11 18:59:10,718{GMT}	INFO	[jepsen node n5] jepsen.os.debian: n5 setting up debian
2018-07-11 18:59:10,718{GMT}	INFO	[jepsen node n3] jepsen.os.debian: n3 setting up debian
2018-07-11 18:59:10,719{GMT}	INFO	[jepsen node n1] jepsen.os.debian: n1 setting up debian
2018-07-11 18:59:11,651{GMT}	WARN	[jepsen node n2] jepsen.control: Encountered error with conn [:control "n2"]; reopening
2018-07-11 18:59:11,653{GMT}	WARN	[jepsen node n4] jepsen.control: Encountered error with conn [:control "n4"]; reopening
2018-07-11 18:59:13,985{GMT}	INFO	[jepsen node n2] jepsen.link: n2 tearing down link
2018-07-11 18:59:13,985{GMT}	INFO	[jepsen node n1] jepsen.link: n1 tearing down link
2018-07-11 18:59:13,985{GMT}	INFO	[jepsen node n3] jepsen.link: n3 tearing down link
2018-07-11 18:59:13,985{GMT}	INFO	[jepsen node n5] jepsen.link: n5 tearing down link
2018-07-11 18:59:13,986{GMT}	INFO	[jepsen node n2] jepsen.link: n2 installing link 0.0.1
2018-07-11 18:59:13,987{GMT}	INFO	[jepsen node n4] jepsen.link: n4 tearing down link
2018-07-11 18:59:13,988{GMT}	INFO	[jepsen node n1] jepsen.link: n1 installing link 0.0.1
2018-07-11 18:59:13,992{GMT}	INFO	[jepsen node n3] jepsen.link: n3 installing link 0.0.1
2018-07-11 18:59:13,992{GMT}	INFO	[jepsen node n5] jepsen.link: n5 installing link 0.0.1
2018-07-11 18:59:13,995{GMT}	INFO	[jepsen node n4] jepsen.link: n4 installing link 0.0.1
2018-07-11 18:59:14,017{GMT}	INFO	[jepsen nemesis] jepsen.core: Starting nemesis
2018-07-11 18:59:14,019{GMT}	INFO	[jepsen nemesis] jepsen.core: Running nemesis
2018-07-11 18:59:14,020{GMT}	INFO	[jepsen nemesis] jepsen.core: Stopping nemesis
2018-07-11 18:59:14,023{GMT}	INFO	[jepsen worker 0] jepsen.core: Starting worker 0
2018-07-11 18:59:14,029{GMT}	INFO	[jepsen worker 1] jepsen.core: Starting worker 1
2018-07-11 18:59:14,031{GMT}	INFO	[jepsen worker 2] jepsen.core: Starting worker 2
2018-07-11 18:59:14,033{GMT}	INFO	[jepsen worker 0] jepsen.core: Running worker 0
2018-07-11 18:59:14,033{GMT}	INFO	[jepsen worker 1] jepsen.core: Running worker 1
2018-07-11 18:59:14,034{GMT}	INFO	[jepsen worker 4] jepsen.core: Starting worker 4
2018-07-11 18:59:14,036{GMT}	INFO	[jepsen worker 2] jepsen.core: Running worker 2
2018-07-11 18:59:14,041{GMT}	INFO	[jepsen worker 0] jepsen.core: Stopping worker 0
2018-07-11 18:59:14,042{GMT}	INFO	[jepsen worker 1] jepsen.core: Stopping worker 1
2018-07-11 18:59:14,043{GMT}	INFO	[jepsen worker 4] jepsen.core: Running worker 4
2018-07-11 18:59:14,045{GMT}	INFO	[jepsen worker 2] jepsen.core: Stopping worker 2
2018-07-11 18:59:14,052{GMT}	INFO	[jepsen worker 3] jepsen.core: Starting worker 3
2018-07-11 18:59:14,053{GMT}	INFO	[jepsen worker 4] jepsen.core: Stopping worker 4
2018-07-11 18:59:14,059{GMT}	INFO	[jepsen worker 3] jepsen.core: Running worker 3
2018-07-11 18:59:14,069{GMT}	INFO	[jepsen worker 3] jepsen.core: Stopping worker 3
2018-07-11 18:59:14,072{GMT}	INFO	[jepsen test runner] jepsen.core: Run complete, writing
2018-07-11 18:59:14,161{GMT}	INFO	[jepsen node n2] jepsen.link: n2 tearing down link
2018-07-11 18:59:14,161{GMT}	INFO	[jepsen node n1] jepsen.link: n1 tearing down link
2018-07-11 18:59:14,163{GMT}	INFO	[jepsen node n3] jepsen.link: n3 tearing down link
2018-07-11 18:59:14,164{GMT}	INFO	[jepsen node n4] jepsen.link: n4 tearing down link
2018-07-11 18:59:14,164{GMT}	INFO	[jepsen node n5] jepsen.link: n5 tearing down link
2018-07-11 18:59:14,187{GMT}	INFO	[jepsen test runner] jepsen.core: Analyzing
2018-07-11 18:59:14,192{GMT}	INFO	[jepsen test runner] jepsen.core: Analysis complete
2018-07-11 18:59:14,217{GMT}	INFO	[jepsen results] jepsen.store: Wrote /jepsen/store/link/20180711T185909.000Z/results.edn
2018-07-11 18:59:14,239{GMT}	INFO	[main] jepsen.core: {:valid? true}


Everything looks good! ヽ(‘ー`)ノ
